#
# There is insufficient memory for the Java Runtime Environment to continue.
# Native memory allocation (malloc) failed to allocate 926656 bytes for Chunk::new
# Possible reasons:
#   The system is out of physical RAM or swap space
#   The process is running with CompressedOops enabled, and the Java Heap may be blocking the growth of the native heap
# Possible solutions:
#   Reduce memory load on the system
#   Increase physical memory or swap space
#   Check if swap backing store is full
#   Decrease Java heap size (-Xmx/-Xms)
#   Decrease number of Java threads
#   Decrease Java thread stack sizes (-Xss)
#   Set larger code cache with -XX:ReservedCodeCacheSize=
#   JVM is running with Unscaled Compressed Oops mode in which the Java heap is
#     placed in the first 4GB address space. The Java Heap base address is the
#     maximum limit for the native heap growth. Please use -XX:HeapBaseMinAddress
#     to set the Java Heap base and to place the Java Heap above 4GB virtual address.
# This output file may be truncated or incomplete.
#
#  Out of Memory Error (arena.cpp:189), pid=27076, tid=7076
#
# JRE version: OpenJDK Runtime Environment Temurin-17.0.7+7 (17.0.7+7) (build 17.0.7+7)
# Java VM: OpenJDK 64-Bit Server VM Temurin-17.0.7+7 (17.0.7+7, mixed mode, tiered, compressed oops, compressed class ptrs, parallel gc, windows-amd64)
# No core dump will be written. Minidumps are not enabled by default on client versions of Windows
#

---------------  S U M M A R Y ------------

Command Line: --add-modules=ALL-SYSTEM --add-opens=java.base/java.util=ALL-UNNAMED --add-opens=java.base/java.lang=ALL-UNNAMED --add-opens=java.base/sun.nio.fs=ALL-UNNAMED -Declipse.application=org.eclipse.jdt.ls.core.id1 -Dosgi.bundles.defaultStartLevel=4 -Declipse.product=org.eclipse.jdt.ls.core.product -Djava.import.generatesMetadataFilesAtProjectRoot=false -Dfile.encoding=utf8 -XX:+UseParallelGC -XX:GCTimeRatio=4 -XX:AdaptiveSizePolicyWeight=90 -Dsun.zip.disableMemoryMapping=true -Xmx1G -Xms100m -Xlog:disable -javaagent:c:\Users\cesar\.vscode\extensions\redhat.java-1.20.0-win32-x64\lombok\lombok-1.18.28.jar c:\Users\cesar\.vscode\extensions\redhat.java-1.20.0-win32-x64\server\plugins\org.eclipse.equinox.launcher_1.6.500.v20230622-2056.jar -configuration c:\Users\cesar\AppData\Roaming\Code\User\globalStorage\redhat.java\1.20.0\config_ss_win -data c:\Users\cesar\AppData\Roaming\Code\User\workspaceStorage\905fa3c76764976a3b320e3453b4ae40\redhat.java\ss_ws

Host: Intel(R) Core(TM) i7-4790 CPU @ 3.60GHz, 8 cores, 15G,  Windows 10 , 64 bit Build 19041 (10.0.19041.3031)
Time: Thu Jul 20 17:41:04 2023 Pacific SA Standard Time elapsed time: 4.557129 seconds (0d 0h 0m 4s)

---------------  T H R E A D  ---------------

Current thread (0x00000195f49e6710):  JavaThread "C2 CompilerThread2" daemon [_thread_in_native, id=7076, stack(0x0000006085600000,0x0000006085700000)]


Current CompileTask:
C2:   4557 2818       4       jdk.internal.org.objectweb.asm.Frame::execute (2318 bytes)

Stack: [0x0000006085600000,0x0000006085700000]
Native frames: (J=compiled Java code, j=interpreted, Vv=VM code, C=native code)
V  [jvm.dll+0x67754a]
V  [jvm.dll+0x834304]
V  [jvm.dll+0x835aae]
V  [jvm.dll+0x836113]
V  [jvm.dll+0x24696f]
V  [jvm.dll+0xac0ac]
V  [jvm.dll+0xac67c]
V  [jvm.dll+0x364e37]
V  [jvm.dll+0x1bcc02]
V  [jvm.dll+0x219799]
V  [jvm.dll+0x218a61]
V  [jvm.dll+0x1a4d8d]
V  [jvm.dll+0x2284da]
V  [jvm.dll+0x226615]
V  [jvm.dll+0x7ea90b]
V  [jvm.dll+0x7e4e7a]
V  [jvm.dll+0x676395]
C  [ucrtbase.dll+0x21bb2]
C  [KERNEL32.DLL+0x17614]
C  [ntdll.dll+0x526f1]


---------------  P R O C E S S  ---------------

Threads class SMR info:
_java_thread_list=0x00000195f4a48e20, length=27, elements={
0x00000195d8e9cee0, 0x00000195d8f52f80, 0x00000195f20238d0, 0x00000195d8f5a1d0,
0x00000195d8f5b040, 0x00000195d8f5beb0, 0x00000195d8f5e9d0, 0x00000195f2046730,
0x00000195f20a4a00, 0x00000195ecd1aeb0, 0x00000195f213ba10, 0x00000195f2370db0,
0x00000195f393a420, 0x00000195f3b52a90, 0x00000195f32d7f70, 0x00000195f3903040,
0x00000195d8effd40, 0x00000195f3974f40, 0x00000195f3a9f530, 0x00000195f3aa03a0,
0x00000195f4aa6030, 0x00000195f49e6710, 0x00000195f3aa0d40, 0x00000195f3aa2a20,
0x00000195f3aa0870, 0x00000195f3aa1210, 0x00000195f3aa16e0
}

Java Threads: ( => current thread )
  0x00000195d8e9cee0 JavaThread "main" [_thread_blocked, id=29284, stack(0x0000006083700000,0x0000006083800000)]
  0x00000195d8f52f80 JavaThread "Reference Handler" daemon [_thread_blocked, id=25048, stack(0x0000006083a00000,0x0000006083b00000)]
  0x00000195f20238d0 JavaThread "Finalizer" daemon [_thread_blocked, id=11684, stack(0x0000006083b00000,0x0000006083c00000)]
  0x00000195d8f5a1d0 JavaThread "Signal Dispatcher" daemon [_thread_blocked, id=3376, stack(0x0000006083c00000,0x0000006083d00000)]
  0x00000195d8f5b040 JavaThread "Attach Listener" daemon [_thread_blocked, id=3220, stack(0x0000006083d00000,0x0000006083e00000)]
  0x00000195d8f5beb0 JavaThread "Service Thread" daemon [_thread_blocked, id=19704, stack(0x0000006083e00000,0x0000006083f00000)]
  0x00000195d8f5e9d0 JavaThread "Monitor Deflation Thread" daemon [_thread_blocked, id=7380, stack(0x0000006083f00000,0x0000006084000000)]
  0x00000195f2046730 JavaThread "C2 CompilerThread0" daemon [_thread_blocked, id=13744, stack(0x0000006084000000,0x0000006084100000)]
  0x00000195f20a4a00 JavaThread "C1 CompilerThread0" daemon [_thread_in_vm, id=21268, stack(0x0000006084100000,0x0000006084200000)]
  0x00000195ecd1aeb0 JavaThread "Sweeper thread" daemon [_thread_blocked, id=3944, stack(0x0000006084200000,0x0000006084300000)]
  0x00000195f213ba10 JavaThread "Common-Cleaner" daemon [_thread_blocked, id=28572, stack(0x0000006084300000,0x0000006084400000)]
  0x00000195f2370db0 JavaThread "Notification Thread" daemon [_thread_blocked, id=14424, stack(0x0000006084500000,0x0000006084600000)]
  0x00000195f393a420 JavaThread "Active Thread: Equinox Container: 22eb3da7-e0fa-4ce7-b18b-5fc3d2072b60" [_thread_blocked, id=23136, stack(0x0000006084d00000,0x0000006084e00000)]
  0x00000195f3b52a90 JavaThread "Framework Event Dispatcher: Equinox Container: 22eb3da7-e0fa-4ce7-b18b-5fc3d2072b60" daemon [_thread_blocked, id=27760, stack(0x0000006084e00000,0x0000006084f00000)]
  0x00000195f32d7f70 JavaThread "Start Level: Equinox Container: 22eb3da7-e0fa-4ce7-b18b-5fc3d2072b60" daemon [_thread_blocked, id=26464, stack(0x0000006084f00000,0x0000006085000000)]
  0x00000195f3903040 JavaThread "SCR Component Actor" daemon [_thread_blocked, id=10072, stack(0x0000006085000000,0x0000006085100000)]
  0x00000195d8effd40 JavaThread "SCR Component Registry" daemon [_thread_blocked, id=26128, stack(0x0000006085100000,0x0000006085200000)]
  0x00000195f3974f40 JavaThread "Worker-JM" [_thread_blocked, id=24352, stack(0x0000006085200000,0x0000006085300000)]
  0x00000195f3a9f530 JavaThread "Worker-0" [_thread_blocked, id=25016, stack(0x0000006085400000,0x0000006085500000)]
  0x00000195f3aa03a0 JavaThread "Worker-1" [_thread_blocked, id=24328, stack(0x0000006085500000,0x0000006085600000)]
  0x00000195f4aa6030 JavaThread "C2 CompilerThread1" daemon [_thread_blocked, id=11560, stack(0x0000006085300000,0x0000006085400000)]
=>0x00000195f49e6710 JavaThread "C2 CompilerThread2" daemon [_thread_in_native, id=7076, stack(0x0000006085600000,0x0000006085700000)]
  0x00000195f3aa0d40 JavaThread "Worker-2" [_thread_blocked, id=28384, stack(0x0000006085700000,0x0000006085800000)]
  0x00000195f3aa2a20 JavaThread "JNA Cleaner" daemon [_thread_blocked, id=2816, stack(0x0000006085800000,0x0000006085900000)]
  0x00000195f3aa0870 JavaThread "pool-2-thread-1" [_thread_blocked, id=29484, stack(0x0000006085b00000,0x0000006085c00000)]
  0x00000195f3aa1210 JavaThread "WorkspaceEventsHandler" [_thread_blocked, id=2556, stack(0x0000006085c00000,0x0000006085d00000)]
  0x00000195f3aa16e0 JavaThread "pool-1-thread-1" [_thread_in_Java, id=23880, stack(0x0000006085d00000,0x0000006085e00000)]

Other Threads:
  0x00000195d8f25d90 VMThread "VM Thread" [stack: 0x0000006083900000,0x0000006083a00000] [id=9356]
  0x00000195f2304d60 WatcherThread [stack: 0x0000006084600000,0x0000006084700000] [id=3808]
  0x00000195d8eb1df0 GCTaskThread "GC Thread#0" [stack: 0x0000006083800000,0x0000006083900000] [id=13388]
  0x00000195f35032b0 GCTaskThread "GC Thread#1" [stack: 0x0000006084700000,0x0000006084800000] [id=28564]
  0x00000195f3503970 GCTaskThread "GC Thread#2" [stack: 0x0000006084800000,0x0000006084900000] [id=22948]
  0x00000195f356cac0 GCTaskThread "GC Thread#3" [stack: 0x0000006084900000,0x0000006084a00000] [id=28152]
  0x00000195f356cd70 GCTaskThread "GC Thread#4" [stack: 0x0000006084a00000,0x0000006084b00000] [id=15884]
  0x00000195f356d020 GCTaskThread "GC Thread#5" [stack: 0x0000006084b00000,0x0000006084c00000] [id=20080]
  0x00000195f356d2d0 GCTaskThread "GC Thread#6" [stack: 0x0000006084c00000,0x0000006084d00000] [id=24300]
  0x00000195f375dd90 GCTaskThread "GC Thread#7" [stack: 0x0000006084400000,0x0000006084500000] [id=29528]

Threads with active compile tasks:
C2 CompilerThread2     4583 2818       4       jdk.internal.org.objectweb.asm.Frame::execute (2318 bytes)

VM state: not at safepoint (normal execution)

VM Mutex/Monitor currently owned by a thread: None

Heap address: 0x00000000c0000000, size: 1024 MB, Compressed Oops mode: 32-bit

CDS archive(s) not mapped
Compressed class space mapped at: 0x0000000100000000-0x0000000140000000, reserved size: 1073741824
Narrow klass base: 0x0000000000000000, Narrow klass shift: 3, Narrow klass range: 0x140000000

GC Precious Log:
 CPUs: 8 total, 8 available
 Memory: 16272M
 Large Page Support: Disabled
 NUMA Support: Disabled
 Compressed Oops: Enabled (32-bit)
 Alignments: Space 512K, Generation 512K, Heap 2M
 Heap Min Capacity: 100M
 Heap Initial Capacity: 100M
 Heap Max Capacity: 1G
 Pre-touch: Disabled
 Parallel Workers: 8

Heap:
 PSYoungGen      total 25600K, used 17233K [0x00000000eab00000, 0x00000000ec980000, 0x0000000100000000)
  eden space 24064K, 65% used [0x00000000eab00000,0x00000000eba557e8,0x00000000ec280000)
  from space 1536K, 99% used [0x00000000ec480000,0x00000000ec5fece8,0x00000000ec600000)
  to   space 3584K, 0% used [0x00000000ec600000,0x00000000ec600000,0x00000000ec980000)
 ParOldGen       total 68608K, used 8398K [0x00000000c0000000, 0x00000000c4300000, 0x00000000eab00000)
  object space 68608K, 12% used [0x00000000c0000000,0x00000000c08339c0,0x00000000c4300000)
 Metaspace       used 34687K, committed 35392K, reserved 1114112K
  class space    used 3532K, committed 3840K, reserved 1048576K

Card table byte_map: [0x00000195d8850000,0x00000195d8a60000] _byte_map_base: 0x00000195d8250000

Marking Bits: (ParMarkBitMap*) 0x00007ffe48bf52c0
 Begin Bits: [0x00000195eab20000, 0x00000195ebb20000)
 End Bits:   [0x00000195ebb20000, 0x00000195ecb20000)

Polling page: 0x00000195d6e50000

Metaspace:

Usage:
  Non-class:     30.42 MB used.
      Class:      3.45 MB used.
       Both:     33.87 MB used.

Virtual space:
  Non-class space:       64.00 MB reserved,      30.81 MB ( 48%) committed,  1 nodes.
      Class space:        1.00 GB reserved,       3.75 MB ( <1%) committed,  1 nodes.
             Both:        1.06 GB reserved,      34.56 MB (  3%) committed. 

Chunk freelists:
   Non-Class:  1.20 MB
       Class:  12.09 MB
        Both:  13.30 MB

MaxMetaspaceSize: unlimited
CompressedClassSpaceSize: 1.00 GB
Initial GC threshold: 21.00 MB
Current GC threshold: 35.00 MB
CDS: off
MetaspaceReclaimPolicy: balanced
 - commit_granule_bytes: 65536.
 - commit_granule_words: 8192.
 - virtual_space_node_default_size: 8388608.
 - enlarge_chunks_in_place: 1.
 - new_chunks_are_fully_committed: 0.
 - uncommit_free_chunks: 1.
 - use_allocation_guard: 0.
 - handle_deallocations: 1.


Internal statistics:

num_allocs_failed_limit: 3.
num_arena_births: 288.
num_arena_deaths: 14.
num_vsnodes_births: 2.
num_vsnodes_deaths: 0.
num_space_committed: 553.
num_space_uncommitted: 0.
num_chunks_returned_to_freelist: 17.
num_chunks_taken_from_freelist: 1333.
num_chunk_merges: 7.
num_chunk_splits: 861.
num_chunks_enlarged: 573.
num_inconsistent_stats: 0.

CodeHeap 'non-profiled nmethods': size=120000Kb used=1216Kb max_used=1216Kb free=118783Kb
 bounds [0x00000195e35f0000, 0x00000195e3860000, 0x00000195eab20000]
CodeHeap 'profiled nmethods': size=120000Kb used=5991Kb max_used=5991Kb free=114008Kb
 bounds [0x00000195dbb20000, 0x00000195dc100000, 0x00000195e3050000]
CodeHeap 'non-nmethods': size=5760Kb used=1263Kb max_used=1280Kb free=4496Kb
 bounds [0x00000195e3050000, 0x00000195e32c0000, 0x00000195e35f0000]
 total_blobs=3539 nmethods=2954 adapters=498
 compilation: enabled
              stopped_count=0, restarted_count=0
 full_count=0

Compilation events (20 events):
Event: 4.533 Thread 0x00000195f20a4a00 2945       3       com.sun.org.apache.xerces.internal.dom.DeferredDocumentImpl::getLastChild (7 bytes)
Event: 4.534 Thread 0x00000195f20a4a00 nmethod 2945 0x00000195dc0f7c90 code [0x00000195dc0f7e20, 0x00000195dc0f7f68]
Event: 4.534 Thread 0x00000195f20a4a00 2946       3       com.sun.org.apache.xerces.internal.dom.DeferredDocumentImpl::getLastChild (49 bytes)
Event: 4.534 Thread 0x00000195f2046730 2950       4       java.util.TreeMap::put (221 bytes)
Event: 4.534 Thread 0x00000195f20a4a00 nmethod 2946 0x00000195dc0f8010 code [0x00000195dc0f81e0, 0x00000195dc0f8508]
Event: 4.534 Thread 0x00000195f20a4a00 2947       3       com.sun.org.apache.xerces.internal.dom.AttrImpl::getNodeValue (5 bytes)
Event: 4.534 Thread 0x00000195f20a4a00 nmethod 2947 0x00000195dc0f8690 code [0x00000195dc0f8820, 0x00000195dc0f89c8]
Event: 4.534 Thread 0x00000195f20a4a00 2943       3       com.sun.org.apache.xerces.internal.dom.NodeImpl::getOwnerDocument (23 bytes)
Event: 4.534 Thread 0x00000195f20a4a00 nmethod 2943 0x00000195dc0f8a90 code [0x00000195dc0f8c60, 0x00000195dc0f9048]
Event: 4.534 Thread 0x00000195f20a4a00 2948       1       org.eclipse.text.templates.TemplatePersistenceData::getTemplate (5 bytes)
Event: 4.534 Thread 0x00000195f20a4a00 nmethod 2948 0x00000195e371c190 code [0x00000195e371c320, 0x00000195e371c3f8]
Event: 4.540 Thread 0x00000195f20a4a00 2952       3       org.eclipse.core.internal.jobs.JobListeners::getJobListenerTimeout (4 bytes)
Event: 4.540 Thread 0x00000195f20a4a00 nmethod 2952 0x00000195dc0f9190 code [0x00000195dc0f9320, 0x00000195dc0f9418]
Event: 4.540 Thread 0x00000195f20a4a00 2953       1       java.lang.ThreadLocal::initialValue (2 bytes)
Event: 4.540 Thread 0x00000195f20a4a00 nmethod 2953 0x00000195e371c490 code [0x00000195e371c620, 0x00000195e371c6f8]
Event: 4.545 Thread 0x00000195f20a4a00 2954       3       org.eclipse.core.internal.registry.ConfigurationElementHandle::<init> (7 bytes)
Event: 4.546 Thread 0x00000195f20a4a00 nmethod 2954 0x00000195dc0f9490 code [0x00000195dc0f9640, 0x00000195dc0f9818]
Event: 4.546 Thread 0x00000195f4aa6030 nmethod 2949 0x00000195e371c790 code [0x00000195e371c980, 0x00000195e371d2b0]
Event: 4.546 Thread 0x00000195f4aa6030 2951 %     4       java.lang.StringLatin1::compareToCI @ 16 (108 bytes)
Event: 4.556 Thread 0x00000195f4aa6030 nmethod 2951% 0x00000195e371d890 code [0x00000195e371da40, 0x00000195e371e1f8]

GC Heap History (16 events):
Event: 0.998 GC heap before
{Heap before GC invocations=1 (full 0):
 PSYoungGen      total 29696K, used 25600K [0x00000000eab00000, 0x00000000ecc00000, 0x0000000100000000)
  eden space 25600K, 100% used [0x00000000eab00000,0x00000000ec400000,0x00000000ec400000)
  from space 4096K, 0% used [0x00000000ec800000,0x00000000ec800000,0x00000000ecc00000)
  to   space 4096K, 0% used [0x00000000ec400000,0x00000000ec400000,0x00000000ec800000)
 ParOldGen       total 68608K, used 0K [0x00000000c0000000, 0x00000000c4300000, 0x00000000eab00000)
  object space 68608K, 0% used [0x00000000c0000000,0x00000000c0000000,0x00000000c4300000)
 Metaspace       used 11222K, committed 11392K, reserved 1114112K
  class space    used 1124K, committed 1216K, reserved 1048576K
}
Event: 1.009 GC heap after
{Heap after GC invocations=1 (full 0):
 PSYoungGen      total 29696K, used 3176K [0x00000000eab00000, 0x00000000ecc00000, 0x0000000100000000)
  eden space 25600K, 0% used [0x00000000eab00000,0x00000000eab00000,0x00000000ec400000)
  from space 4096K, 77% used [0x00000000ec400000,0x00000000ec71a3a8,0x00000000ec800000)
  to   space 4096K, 0% used [0x00000000ec800000,0x00000000ec800000,0x00000000ecc00000)
 ParOldGen       total 68608K, used 0K [0x00000000c0000000, 0x00000000c4300000, 0x00000000eab00000)
  object space 68608K, 0% used [0x00000000c0000000,0x00000000c0000000,0x00000000c4300000)
 Metaspace       used 11222K, committed 11392K, reserved 1114112K
  class space    used 1124K, committed 1216K, reserved 1048576K
}
Event: 1.850 GC heap before
{Heap before GC invocations=2 (full 0):
 PSYoungGen      total 29696K, used 28776K [0x00000000eab00000, 0x00000000ecc00000, 0x0000000100000000)
  eden space 25600K, 100% used [0x00000000eab00000,0x00000000ec400000,0x00000000ec400000)
  from space 4096K, 77% used [0x00000000ec400000,0x00000000ec71a3a8,0x00000000ec800000)
  to   space 4096K, 0% used [0x00000000ec800000,0x00000000ec800000,0x00000000ecc00000)
 ParOldGen       total 68608K, used 0K [0x00000000c0000000, 0x00000000c4300000, 0x00000000eab00000)
  object space 68608K, 0% used [0x00000000c0000000,0x00000000c0000000,0x00000000c4300000)
 Metaspace       used 15446K, committed 15744K, reserved 1114112K
  class space    used 1580K, committed 1728K, reserved 1048576K
}
Event: 1.855 GC heap after
{Heap after GC invocations=2 (full 0):
 PSYoungGen      total 29696K, used 4094K [0x00000000eab00000, 0x00000000ecc00000, 0x0000000100000000)
  eden space 25600K, 0% used [0x00000000eab00000,0x00000000eab00000,0x00000000ec400000)
  from space 4096K, 99% used [0x00000000ec800000,0x00000000ecbff8b8,0x00000000ecc00000)
  to   space 4096K, 0% used [0x00000000ec400000,0x00000000ec400000,0x00000000ec800000)
 ParOldGen       total 68608K, used 817K [0x00000000c0000000, 0x00000000c4300000, 0x00000000eab00000)
  object space 68608K, 1% used [0x00000000c0000000,0x00000000c00cc6f8,0x00000000c4300000)
 Metaspace       used 15446K, committed 15744K, reserved 1114112K
  class space    used 1580K, committed 1728K, reserved 1048576K
}
Event: 2.693 GC heap before
{Heap before GC invocations=3 (full 0):
 PSYoungGen      total 29696K, used 29694K [0x00000000eab00000, 0x00000000ecc00000, 0x0000000100000000)
  eden space 25600K, 100% used [0x00000000eab00000,0x00000000ec400000,0x00000000ec400000)
  from space 4096K, 99% used [0x00000000ec800000,0x00000000ecbff8b8,0x00000000ecc00000)
  to   space 4096K, 0% used [0x00000000ec400000,0x00000000ec400000,0x00000000ec800000)
 ParOldGen       total 68608K, used 817K [0x00000000c0000000, 0x00000000c4300000, 0x00000000eab00000)
  object space 68608K, 1% used [0x00000000c0000000,0x00000000c00cc6f8,0x00000000c4300000)
 Metaspace       used 20359K, committed 20736K, reserved 1114112K
  class space    used 2081K, committed 2240K, reserved 1048576K
}
Event: 2.697 GC heap after
{Heap after GC invocations=3 (full 0):
 PSYoungGen      total 29696K, used 4067K [0x00000000eab00000, 0x00000000ecc00000, 0x0000000100000000)
  eden space 25600K, 0% used [0x00000000eab00000,0x00000000eab00000,0x00000000ec400000)
  from space 4096K, 99% used [0x00000000ec400000,0x00000000ec7f8dc8,0x00000000ec800000)
  to   space 4096K, 0% used [0x00000000ec800000,0x00000000ec800000,0x00000000ecc00000)
 ParOldGen       total 68608K, used 2503K [0x00000000c0000000, 0x00000000c4300000, 0x00000000eab00000)
  object space 68608K, 3% used [0x00000000c0000000,0x00000000c0271f58,0x00000000c4300000)
 Metaspace       used 20359K, committed 20736K, reserved 1114112K
  class space    used 2081K, committed 2240K, reserved 1048576K
}
Event: 2.763 GC heap before
{Heap before GC invocations=4 (full 0):
 PSYoungGen      total 29696K, used 8644K [0x00000000eab00000, 0x00000000ecc00000, 0x0000000100000000)
  eden space 25600K, 17% used [0x00000000eab00000,0x00000000eaf783f8,0x00000000ec400000)
  from space 4096K, 99% used [0x00000000ec400000,0x00000000ec7f8dc8,0x00000000ec800000)
  to   space 4096K, 0% used [0x00000000ec800000,0x00000000ec800000,0x00000000ecc00000)
 ParOldGen       total 68608K, used 2503K [0x00000000c0000000, 0x00000000c4300000, 0x00000000eab00000)
  object space 68608K, 3% used [0x00000000c0000000,0x00000000c0271f58,0x00000000c4300000)
 Metaspace       used 21079K, committed 21504K, reserved 1114112K
  class space    used 2151K, committed 2368K, reserved 1048576K
}
Event: 2.766 GC heap after
{Heap after GC invocations=4 (full 0):
 PSYoungGen      total 29696K, used 4086K [0x00000000eab00000, 0x00000000ecc00000, 0x0000000100000000)
  eden space 25600K, 0% used [0x00000000eab00000,0x00000000eab00000,0x00000000ec400000)
  from space 4096K, 99% used [0x00000000ec800000,0x00000000ecbfd900,0x00000000ecc00000)
  to   space 4096K, 0% used [0x00000000ec400000,0x00000000ec400000,0x00000000ec800000)
 ParOldGen       total 68608K, used 3071K [0x00000000c0000000, 0x00000000c4300000, 0x00000000eab00000)
  object space 68608K, 4% used [0x00000000c0000000,0x00000000c02fff58,0x00000000c4300000)
 Metaspace       used 21079K, committed 21504K, reserved 1114112K
  class space    used 2151K, committed 2368K, reserved 1048576K
}
Event: 2.766 GC heap before
{Heap before GC invocations=5 (full 1):
 PSYoungGen      total 29696K, used 4086K [0x00000000eab00000, 0x00000000ecc00000, 0x0000000100000000)
  eden space 25600K, 0% used [0x00000000eab00000,0x00000000eab00000,0x00000000ec400000)
  from space 4096K, 99% used [0x00000000ec800000,0x00000000ecbfd900,0x00000000ecc00000)
  to   space 4096K, 0% used [0x00000000ec400000,0x00000000ec400000,0x00000000ec800000)
 ParOldGen       total 68608K, used 3071K [0x00000000c0000000, 0x00000000c4300000, 0x00000000eab00000)
  object space 68608K, 4% used [0x00000000c0000000,0x00000000c02fff58,0x00000000c4300000)
 Metaspace       used 21079K, committed 21504K, reserved 1114112K
  class space    used 2151K, committed 2368K, reserved 1048576K
}
Event: 2.786 GC heap after
{Heap after GC invocations=5 (full 1):
 PSYoungGen      total 29696K, used 0K [0x00000000eab00000, 0x00000000ecc00000, 0x0000000100000000)
  eden space 25600K, 0% used [0x00000000eab00000,0x00000000eab00000,0x00000000ec400000)
  from space 4096K, 0% used [0x00000000ec800000,0x00000000ec800000,0x00000000ecc00000)
  to   space 4096K, 0% used [0x00000000ec400000,0x00000000ec400000,0x00000000ec800000)
 ParOldGen       total 68608K, used 6962K [0x00000000c0000000, 0x00000000c4300000, 0x00000000eab00000)
  object space 68608K, 10% used [0x00000000c0000000,0x00000000c06cca18,0x00000000c4300000)
 Metaspace       used 21066K, committed 21504K, reserved 1114112K
  class space    used 2148K, committed 2368K, reserved 1048576K
}
Event: 3.089 GC heap before
{Heap before GC invocations=6 (full 1):
 PSYoungGen      total 29696K, used 25600K [0x00000000eab00000, 0x00000000ecc00000, 0x0000000100000000)
  eden space 25600K, 100% used [0x00000000eab00000,0x00000000ec400000,0x00000000ec400000)
  from space 4096K, 0% used [0x00000000ec800000,0x00000000ec800000,0x00000000ecc00000)
  to   space 4096K, 0% used [0x00000000ec400000,0x00000000ec400000,0x00000000ec800000)
 ParOldGen       total 68608K, used 6962K [0x00000000c0000000, 0x00000000c4300000, 0x00000000eab00000)
  object space 68608K, 10% used [0x00000000c0000000,0x00000000c06cca18,0x00000000c4300000)
 Metaspace       used 24619K, committed 25088K, reserved 1114112K
  class space    used 2411K, committed 2624K, reserved 1048576K
}
Event: 3.090 GC heap after
{Heap after GC invocations=6 (full 1):
 PSYoungGen      total 25600K, used 288K [0x00000000eab00000, 0x00000000ec880000, 0x0000000100000000)
  eden space 25088K, 0% used [0x00000000eab00000,0x00000000eab00000,0x00000000ec380000)
  from space 512K, 56% used [0x00000000ec400000,0x00000000ec448000,0x00000000ec480000)
  to   space 2048K, 0% used [0x00000000ec680000,0x00000000ec680000,0x00000000ec880000)
 ParOldGen       total 68608K, used 6962K [0x00000000c0000000, 0x00000000c4300000, 0x00000000eab00000)
  object space 68608K, 10% used [0x00000000c0000000,0x00000000c06cca18,0x00000000c4300000)
 Metaspace       used 24619K, committed 25088K, reserved 1114112K
  class space    used 2411K, committed 2624K, reserved 1048576K
}
Event: 3.907 GC heap before
{Heap before GC invocations=7 (full 1):
 PSYoungGen      total 25600K, used 25376K [0x00000000eab00000, 0x00000000ec880000, 0x0000000100000000)
  eden space 25088K, 100% used [0x00000000eab00000,0x00000000ec380000,0x00000000ec380000)
  from space 512K, 56% used [0x00000000ec400000,0x00000000ec448000,0x00000000ec480000)
  to   space 2048K, 0% used [0x00000000ec680000,0x00000000ec680000,0x00000000ec880000)
 ParOldGen       total 68608K, used 6962K [0x00000000c0000000, 0x00000000c4300000, 0x00000000eab00000)
  object space 68608K, 10% used [0x00000000c0000000,0x00000000c06cca18,0x00000000c4300000)
 Metaspace       used 27563K, committed 28032K, reserved 1114112K
  class space    used 2674K, committed 2880K, reserved 1048576K
}
Event: 3.907 GC heap after
{Heap after GC invocations=7 (full 1):
 PSYoungGen      total 25600K, used 1007K [0x00000000eab00000, 0x00000000ec780000, 0x0000000100000000)
  eden space 24576K, 0% used [0x00000000eab00000,0x00000000eab00000,0x00000000ec300000)
  from space 1024K, 98% used [0x00000000ec680000,0x00000000ec77bf08,0x00000000ec780000)
  to   space 1536K, 0% used [0x00000000ec480000,0x00000000ec480000,0x00000000ec600000)
 ParOldGen       total 68608K, used 6970K [0x00000000c0000000, 0x00000000c4300000, 0x00000000eab00000)
  object space 68608K, 10% used [0x00000000c0000000,0x00000000c06cea18,0x00000000c4300000)
 Metaspace       used 27563K, committed 28032K, reserved 1114112K
  class space    used 2674K, committed 2880K, reserved 1048576K
}
Event: 4.276 GC heap before
{Heap before GC invocations=8 (full 1):
 PSYoungGen      total 25600K, used 25583K [0x00000000eab00000, 0x00000000ec780000, 0x0000000100000000)
  eden space 24576K, 100% used [0x00000000eab00000,0x00000000ec300000,0x00000000ec300000)
  from space 1024K, 98% used [0x00000000ec680000,0x00000000ec77bf08,0x00000000ec780000)
  to   space 1536K, 0% used [0x00000000ec480000,0x00000000ec480000,0x00000000ec600000)
 ParOldGen       total 68608K, used 6970K [0x00000000c0000000, 0x00000000c4300000, 0x00000000eab00000)
  object space 68608K, 10% used [0x00000000c0000000,0x00000000c06cea18,0x00000000c4300000)
 Metaspace       used 32062K, committed 32704K, reserved 1114112K
  class space    used 3206K, committed 3456K, reserved 1048576K
}
Event: 4.279 GC heap after
{Heap after GC invocations=8 (full 1):
 PSYoungGen      total 25600K, used 1531K [0x00000000eab00000, 0x00000000ec980000, 0x0000000100000000)
  eden space 24064K, 0% used [0x00000000eab00000,0x00000000eab00000,0x00000000ec280000)
  from space 1536K, 99% used [0x00000000ec480000,0x00000000ec5fece8,0x00000000ec600000)
  to   space 3584K, 0% used [0x00000000ec600000,0x00000000ec600000,0x00000000ec980000)
 ParOldGen       total 68608K, used 8398K [0x00000000c0000000, 0x00000000c4300000, 0x00000000eab00000)
  object space 68608K, 12% used [0x00000000c0000000,0x00000000c08339c0,0x00000000c4300000)
 Metaspace       used 32062K, committed 32704K, reserved 1114112K
  class space    used 3206K, committed 3456K, reserved 1048576K
}

Dll operation events (10 events):
Event: 0.016 Loaded shared library c:\Users\cesar\.vscode\extensions\redhat.java-1.20.0-win32-x64\jre\17.0.7-win32-x86_64\bin\java.dll
Event: 0.222 Loaded shared library c:\Users\cesar\.vscode\extensions\redhat.java-1.20.0-win32-x64\jre\17.0.7-win32-x86_64\bin\zip.dll
Event: 0.227 Loaded shared library C:\Users\cesar\.vscode\extensions\redhat.java-1.20.0-win32-x64\jre\17.0.7-win32-x86_64\bin\instrument.dll
Event: 0.241 Loaded shared library C:\Users\cesar\.vscode\extensions\redhat.java-1.20.0-win32-x64\jre\17.0.7-win32-x86_64\bin\net.dll
Event: 0.244 Loaded shared library C:\Users\cesar\.vscode\extensions\redhat.java-1.20.0-win32-x64\jre\17.0.7-win32-x86_64\bin\nio.dll
Event: 0.251 Loaded shared library C:\Users\cesar\.vscode\extensions\redhat.java-1.20.0-win32-x64\jre\17.0.7-win32-x86_64\bin\zip.dll
Event: 0.268 Loaded shared library C:\Users\cesar\.vscode\extensions\redhat.java-1.20.0-win32-x64\jre\17.0.7-win32-x86_64\bin\jimage.dll
Event: 0.323 Loaded shared library c:\Users\cesar\.vscode\extensions\redhat.java-1.20.0-win32-x64\jre\17.0.7-win32-x86_64\bin\verify.dll
Event: 1.635 Loaded shared library C:\Users\cesar\AppData\Roaming\Code\User\globalStorage\redhat.java\1.20.0\config_ss_win\org.eclipse.equinox.launcher\org.eclipse.equinox.launcher.win32.win32.x86_64_1.2.700.v20221108-1024\eclipse_11801.dll
Event: 4.161 Loaded shared library C:\Users\cesar\AppData\Local\Temp\jna-94551106\jna7165989471807220729.dll

Deoptimization events (20 events):
Event: 4.381 Thread 0x00000195d8e9cee0 Uncommon trap: trap_request=0xffffff45 fr.pc=0x00000195e3615648 relative=0x0000000000000048
Event: 4.381 Thread 0x00000195d8e9cee0 Uncommon trap: reason=unstable_if action=reinterpret pc=0x00000195e3615648 method=java.lang.CharacterData.of(I)Ljava/lang/CharacterData; @ 4 c2
Event: 4.381 Thread 0x00000195d8e9cee0 DEOPT PACKING pc=0x00000195e3615648 sp=0x00000060837fd1b0
Event: 4.381 Thread 0x00000195d8e9cee0 DEOPT UNPACKING pc=0x00000195e30a66a3 sp=0x00000060837fd148 mode 2
Event: 4.386 Thread 0x00000195d8e9cee0 Uncommon trap: trap_request=0xffffff45 fr.pc=0x00000195e3606a7c relative=0x000000000000035c
Event: 4.386 Thread 0x00000195d8e9cee0 Uncommon trap: reason=unstable_if action=reinterpret pc=0x00000195e3606a7c method=java.lang.StringLatin1.canEncode(I)Z @ 4 c2
Event: 4.386 Thread 0x00000195d8e9cee0 DEOPT PACKING pc=0x00000195e3606a7c sp=0x00000060837fda10
Event: 4.386 Thread 0x00000195d8e9cee0 DEOPT UNPACKING pc=0x00000195e30a66a3 sp=0x00000060837fd938 mode 2
Event: 4.386 Thread 0x00000195d8e9cee0 Uncommon trap: trap_request=0xffffff45 fr.pc=0x00000195e362bbdc relative=0x000000000000033c
Event: 4.386 Thread 0x00000195d8e9cee0 Uncommon trap: reason=unstable_if action=reinterpret pc=0x00000195e362bbdc method=java.lang.AbstractStringBuilder.isLatin1()Z @ 10 c2
Event: 4.386 Thread 0x00000195d8e9cee0 DEOPT PACKING pc=0x00000195e362bbdc sp=0x00000060837fda30
Event: 4.386 Thread 0x00000195d8e9cee0 DEOPT UNPACKING pc=0x00000195e30a66a3 sp=0x00000060837fd9b0 mode 2
Event: 4.386 Thread 0x00000195d8e9cee0 Uncommon trap: trap_request=0xffffff45 fr.pc=0x00000195e364d85c relative=0x000000000000005c
Event: 4.386 Thread 0x00000195d8e9cee0 Uncommon trap: reason=unstable_if action=reinterpret pc=0x00000195e364d85c method=java.lang.AbstractStringBuilder.isLatin1()Z @ 10 c2
Event: 4.386 Thread 0x00000195d8e9cee0 DEOPT PACKING pc=0x00000195e364d85c sp=0x00000060837fda10
Event: 4.386 Thread 0x00000195d8e9cee0 DEOPT UNPACKING pc=0x00000195e30a66a3 sp=0x00000060837fd9a0 mode 2
Event: 4.486 Thread 0x00000195f3aa16e0 Uncommon trap: trap_request=0xffffff45 fr.pc=0x00000195e36acdcc relative=0x00000000000001ac
Event: 4.486 Thread 0x00000195f3aa16e0 Uncommon trap: reason=unstable_if action=reinterpret pc=0x00000195e36acdcc method=java.net.URI$Parser.scan(IIJJ)I @ 42 c2
Event: 4.486 Thread 0x00000195f3aa16e0 DEOPT PACKING pc=0x00000195e36acdcc sp=0x0000006085dfde50
Event: 4.486 Thread 0x00000195f3aa16e0 DEOPT UNPACKING pc=0x00000195e30a66a3 sp=0x0000006085dfddd0 mode 2

Classes unloaded (7 events):
Event: 2.769 Thread 0x00000195d8f25d90 Unloading class 0x0000000100212400 'java/lang/invoke/LambdaForm$MH+0x0000000100212400'
Event: 2.769 Thread 0x00000195d8f25d90 Unloading class 0x0000000100212000 'java/lang/invoke/LambdaForm$MH+0x0000000100212000'
Event: 2.769 Thread 0x00000195d8f25d90 Unloading class 0x0000000100211c00 'java/lang/invoke/LambdaForm$MH+0x0000000100211c00'
Event: 2.769 Thread 0x00000195d8f25d90 Unloading class 0x0000000100211400 'java/lang/invoke/LambdaForm$MH+0x0000000100211400'
Event: 2.769 Thread 0x00000195d8f25d90 Unloading class 0x0000000100211000 'java/lang/invoke/LambdaForm$BMH+0x0000000100211000'
Event: 2.769 Thread 0x00000195d8f25d90 Unloading class 0x0000000100210c00 'java/lang/invoke/LambdaForm$DMH+0x0000000100210c00'
Event: 2.769 Thread 0x00000195d8f25d90 Unloading class 0x000000010020e000 'java/lang/invoke/LambdaForm$DMH+0x000000010020e000'

Classes redefined (0 events):
No events

Internal exceptions (20 events):
Event: 3.903 Thread 0x00000195f32d7f70 Exception <a 'java/lang/NoSuchMethodError'{0x00000000ec360058}: 'java.lang.Object java.lang.invoke.DirectMethodHandle$Holder.invokeStaticInit(java.lang.Object, java.lang.Object, int, int, int, int)'> (0x00000000ec360058) 
thrown [s\src\hotspot\share\interpreter\linkResolver.cpp, line 759]
Event: 3.933 Thread 0x00000195f32d7f70 Exception <a 'sun/nio/fs/WindowsException'{0x00000000eac74bd0}> (0x00000000eac74bd0) 
thrown [s\src\hotspot\share\prims\jni.cpp, line 516]
Event: 3.996 Thread 0x00000195f32d7f70 Exception <a 'java/lang/ClassNotFoundException'{0x00000000eb2ff2e0}: com/sun/org/apache/xml/internal/serializer/spi/XMLEntitiesProvider> (0x00000000eb2ff2e0) 
thrown [s\src\hotspot\share\classfile\systemDictionary.cpp, line 256]
Event: 4.023 Thread 0x00000195f3a9f530 Exception <a 'java/lang/NoSuchMethodError'{0x00000000eacb3820}: 'int java.lang.invoke.DirectMethodHandle$Holder.invokeVirtual(java.lang.Object, java.lang.Object)'> (0x00000000eacb3820) 
thrown [s\src\hotspot\share\interpreter\linkResolver.cpp, line 759]
Event: 4.089 Thread 0x00000195f32d7f70 Exception <a 'java/io/FileNotFoundException'{0x00000000eb965aa0}> (0x00000000eb965aa0) 
thrown [s\src\hotspot\share\prims\jni.cpp, line 516]
Event: 4.181 Thread 0x00000195f32d7f70 Exception <a 'java/lang/UnsatisfiedLinkError'{0x00000000ebc9d598}: The specified procedure could not be found.
> (0x00000000ebc9d598) 
thrown [s\src\hotspot\share\prims\jni.cpp, line 535]
Event: 4.185 Thread 0x00000195f32d7f70 Exception <a 'java/io/FileNotFoundException'{0x00000000ebcc0810}> (0x00000000ebcc0810) 
thrown [s\src\hotspot\share\prims\jni.cpp, line 516]
Event: 4.190 Thread 0x00000195f32d7f70 Exception <a 'java/io/FileNotFoundException'{0x00000000ebd560a0}> (0x00000000ebd560a0) 
thrown [s\src\hotspot\share\prims\jni.cpp, line 516]
Event: 4.195 Thread 0x00000195f32d7f70 Exception <a 'java/lang/UnsatisfiedLinkError'{0x00000000ebdffa38}: The specified procedure could not be found.
> (0x00000000ebdffa38) 
thrown [s\src\hotspot\share\prims\jni.cpp, line 535]
Event: 4.219 Thread 0x00000195d8e9cee0 Exception <a 'java/lang/NoSuchMethodError'{0x00000000ebfbabf8}: 'java.lang.Object java.lang.invoke.DirectMethodHandle$Holder.invokeStatic(java.lang.Object, java.lang.Object, long, java.lang.Object)'> (0x00000000ebfbabf8) 
thrown [s\src\hotspot\share\interpreter\linkResolver.cpp, line 759]
Event: 4.219 Thread 0x00000195d8e9cee0 Exception <a 'java/lang/NoSuchMethodError'{0x00000000ebfbe690}: 'java.lang.Object java.lang.invoke.DirectMethodHandle$Holder.invokeStaticInit(java.lang.Object, java.lang.Object, long, java.lang.Object)'> (0x00000000ebfbe690) 
thrown [s\src\hotspot\share\interpreter\linkResolver.cpp, line 759]
Event: 4.220 Thread 0x00000195d8e9cee0 Exception <a 'java/lang/NoSuchMethodError'{0x00000000ebfc4ca0}: 'java.lang.Object java.lang.invoke.DirectMethodHandle$Holder.newInvokeSpecial(java.lang.Object, java.lang.Object, long)'> (0x00000000ebfc4ca0) 
thrown [s\src\hotspot\share\interpreter\linkResolver.cpp, line 759]
Event: 4.220 Thread 0x00000195d8e9cee0 Exception <a 'java/lang/NoSuchMethodError'{0x00000000ebfc86e0}: 'java.lang.Object java.lang.invoke.Invokers$Holder.linkToTargetMethod(java.lang.Object, long, java.lang.Object)'> (0x00000000ebfc86e0) 
thrown [s\src\hotspot\share\interpreter\linkResolver.cpp, line 759]
Event: 4.260 Thread 0x00000195d8e9cee0 Exception <a 'java/lang/NoSuchMethodError'{0x00000000ec166950}: 'void java.lang.invoke.DirectMethodHandle$Holder.invokeStatic(java.lang.Object, java.lang.Object, java.lang.Object, java.lang.Object)'> (0x00000000ec166950) 
thrown [s\src\hotspot\share\interpreter\linkResolver.cpp, line 759]
Event: 4.355 Thread 0x00000195d8e9cee0 Exception <a 'java/lang/NoSuchMethodError'{0x00000000eb177390}: 'void java.lang.invoke.DirectMethodHandle$Holder.invokeSpecial(java.lang.Object, java.lang.Object, java.lang.Object, java.lang.Object, java.lang.Object, java.lang.Object)'> (0x00000000eb177390) 
thrown [s\src\hotspot\share\interpreter\linkResolver.cpp, line 759]
Event: 4.357 Thread 0x00000195d8e9cee0 Exception <a 'java/lang/IncompatibleClassChangeError'{0x00000000eb180ea8}: Found class java.lang.Object, but interface was expected> (0x00000000eb180ea8) 
thrown [s\src\hotspot\share\interpreter\linkResolver.cpp, line 826]
Event: 4.492 Thread 0x00000195f3aa16e0 Exception <a 'java/io/FileNotFoundException'{0x00000000eb795db8}> (0x00000000eb795db8) 
thrown [s\src\hotspot\share\prims\jni.cpp, line 516]
Event: 4.533 Thread 0x00000195f3aa16e0 Exception <a 'sun/nio/fs/WindowsException'{0x00000000eb940f20}> (0x00000000eb940f20) 
thrown [s\src\hotspot\share\prims\jni.cpp, line 516]
Event: 4.540 Thread 0x00000195f3aa0d40 Exception <a 'java/io/FileNotFoundException'{0x00000000eb973650}> (0x00000000eb973650) 
thrown [s\src\hotspot\share\prims\jni.cpp, line 516]
Event: 4.540 Thread 0x00000195f3aa0d40 Exception <a 'java/io/FileNotFoundException'{0x00000000eb974910}> (0x00000000eb974910) 
thrown [s\src\hotspot\share\prims\jni.cpp, line 516]

VM Operations (20 events):
Event: 3.043 Executing VM operation: HandshakeAllThreads
Event: 3.043 Executing VM operation: HandshakeAllThreads done
Event: 3.089 Executing VM operation: ParallelGCFailedAllocation
Event: 3.090 Executing VM operation: ParallelGCFailedAllocation done
Event: 3.352 Executing VM operation: HandshakeAllThreads
Event: 3.352 Executing VM operation: HandshakeAllThreads done
Event: 3.907 Executing VM operation: ParallelGCFailedAllocation
Event: 3.907 Executing VM operation: ParallelGCFailedAllocation done
Event: 4.025 Executing VM operation: HandshakeAllThreads
Event: 4.025 Executing VM operation: HandshakeAllThreads done
Event: 4.172 Executing VM operation: HandshakeAllThreads
Event: 4.172 Executing VM operation: HandshakeAllThreads done
Event: 4.206 Executing VM operation: HandshakeAllThreads
Event: 4.207 Executing VM operation: HandshakeAllThreads done
Event: 4.276 Executing VM operation: ParallelGCFailedAllocation
Event: 4.279 Executing VM operation: ParallelGCFailedAllocation done
Event: 4.382 Executing VM operation: HandshakeAllThreads
Event: 4.382 Executing VM operation: HandshakeAllThreads done
Event: 4.477 Executing VM operation: HandshakeAllThreads
Event: 4.477 Executing VM operation: HandshakeAllThreads done

Events (20 events):
Event: 4.390 loading class java/util/concurrent/ForkJoinPool$DefaultForkJoinWorkerThreadFactory
Event: 4.391 loading class java/util/concurrent/ForkJoinPool$ForkJoinWorkerThreadFactory
Event: 4.391 loading class java/util/concurrent/ForkJoinPool$ForkJoinWorkerThreadFactory done
Event: 4.391 loading class java/util/concurrent/ForkJoinPool$DefaultForkJoinWorkerThreadFactory done
Event: 4.391 loading class java/util/concurrent/ForkJoinPool$1
Event: 4.391 loading class java/util/concurrent/ForkJoinPool$1 done
Event: 4.391 loading class java/util/concurrent/ForkJoinPool$DefaultCommonPoolForkJoinWorkerThreadFactory
Event: 4.391 loading class java/util/concurrent/ForkJoinPool$DefaultCommonPoolForkJoinWorkerThreadFactory done
Event: 4.391 loading class java/util/concurrent/ForkJoinPool$WorkQueue
Event: 4.391 loading class java/util/concurrent/ForkJoinPool$WorkQueue done
Event: 4.409 loading class sun/reflect/generics/repository/FieldRepository
Event: 4.409 loading class sun/reflect/generics/repository/FieldRepository done
Event: 4.413 loading class jdk/internal/reflect/UnsafeQualifiedIntegerFieldAccessorImpl
Event: 4.413 loading class jdk/internal/reflect/UnsafeQualifiedIntegerFieldAccessorImpl done
Event: 4.458 loading class java/io/InvalidObjectException
Event: 4.458 loading class java/io/ObjectStreamException
Event: 4.458 loading class java/io/ObjectStreamException done
Event: 4.458 loading class java/io/InvalidObjectException done
Event: 4.518 loading class java/util/ServiceConfigurationError
Event: 4.519 loading class java/util/ServiceConfigurationError done


Dynamic libraries:
0x00007ff6030d0000 - 0x00007ff6030de000 	c:\Users\cesar\.vscode\extensions\redhat.java-1.20.0-win32-x64\jre\17.0.7-win32-x86_64\bin\java.exe
0x00007ffeb4630000 - 0x00007ffeb4828000 	C:\Windows\SYSTEM32\ntdll.dll
0x00007ffeb3800000 - 0x00007ffeb38bf000 	C:\Windows\System32\KERNEL32.DLL
0x00007ffeb1d10000 - 0x00007ffeb2006000 	C:\Windows\System32\KERNELBASE.dll
0x00007ffeaf020000 - 0x00007ffeaf0b1000 	C:\Windows\SYSTEM32\apphelp.dll
0x00007ffeb2420000 - 0x00007ffeb2520000 	C:\Windows\System32\ucrtbase.dll
0x00007ffe9a070000 - 0x00007ffe9a087000 	c:\Users\cesar\.vscode\extensions\redhat.java-1.20.0-win32-x64\jre\17.0.7-win32-x86_64\bin\jli.dll
0x00007ffeb38c0000 - 0x00007ffeb3a5d000 	C:\Windows\System32\USER32.dll
0x00007ffeb2010000 - 0x00007ffeb2032000 	C:\Windows\System32\win32u.dll
0x00007ffeb3c90000 - 0x00007ffeb3cbc000 	C:\Windows\System32\GDI32.dll
0x00007ffeb20d0000 - 0x00007ffeb21e5000 	C:\Windows\System32\gdi32full.dll
0x00007ffeb2380000 - 0x00007ffeb241d000 	C:\Windows\System32\msvcp_win.dll
0x00007ffe99900000 - 0x00007ffe99919000 	c:\Users\cesar\.vscode\extensions\redhat.java-1.20.0-win32-x64\jre\17.0.7-win32-x86_64\bin\VCRUNTIME140.dll
0x00007ffea92b0000 - 0x00007ffea954a000 	C:\Windows\WinSxS\amd64_microsoft.windows.common-controls_6595b64144ccf1df_6.0.19041.1110_none_60b5254171f9507e\COMCTL32.dll
0x00007ffeb3a60000 - 0x00007ffeb3afe000 	C:\Windows\System32\msvcrt.dll
0x00007ffeb3bb0000 - 0x00007ffeb3be0000 	C:\Windows\System32\IMM32.DLL
0x00007ffea24e0000 - 0x00007ffea24ec000 	c:\Users\cesar\.vscode\extensions\redhat.java-1.20.0-win32-x64\jre\17.0.7-win32-x86_64\bin\vcruntime140_1.dll
0x00007ffe81150000 - 0x00007ffe811e1000 	c:\Users\cesar\.vscode\extensions\redhat.java-1.20.0-win32-x64\jre\17.0.7-win32-x86_64\bin\msvcp140.dll
0x00007ffe48070000 - 0x00007ffe48cb8000 	c:\Users\cesar\.vscode\extensions\redhat.java-1.20.0-win32-x64\jre\17.0.7-win32-x86_64\bin\server\jvm.dll
0x00007ffeb3be0000 - 0x00007ffeb3c8f000 	C:\Windows\System32\ADVAPI32.dll
0x00007ffeb2920000 - 0x00007ffeb29bc000 	C:\Windows\System32\sechost.dll
0x00007ffeb2ef0000 - 0x00007ffeb3016000 	C:\Windows\System32\RPCRT4.dll
0x00007ffea3a20000 - 0x00007ffea3a29000 	C:\Windows\SYSTEM32\WSOCK32.dll
0x00007ffeb3790000 - 0x00007ffeb37fb000 	C:\Windows\System32\WS2_32.dll
0x00007ffea9060000 - 0x00007ffea9087000 	C:\Windows\SYSTEM32\WINMM.dll
0x00007ffeac770000 - 0x00007ffeac77a000 	C:\Windows\SYSTEM32\VERSION.dll
0x00007ffeafb00000 - 0x00007ffeafb12000 	C:\Windows\SYSTEM32\kernel.appcore.dll
0x00007ffea2110000 - 0x00007ffea211a000 	c:\Users\cesar\.vscode\extensions\redhat.java-1.20.0-win32-x64\jre\17.0.7-win32-x86_64\bin\jimage.dll
0x00007ffeabed0000 - 0x00007ffeac0b4000 	C:\Windows\SYSTEM32\DBGHELP.DLL
0x00007ffeabab0000 - 0x00007ffeabae4000 	C:\Windows\SYSTEM32\dbgcore.DLL
0x00007ffeb2040000 - 0x00007ffeb20c2000 	C:\Windows\System32\bcryptPrimitives.dll
0x00007ffe9f610000 - 0x00007ffe9f61e000 	c:\Users\cesar\.vscode\extensions\redhat.java-1.20.0-win32-x64\jre\17.0.7-win32-x86_64\bin\instrument.dll
0x00007ffe917c0000 - 0x00007ffe917e5000 	c:\Users\cesar\.vscode\extensions\redhat.java-1.20.0-win32-x64\jre\17.0.7-win32-x86_64\bin\java.dll
0x00007ffe99870000 - 0x00007ffe99888000 	c:\Users\cesar\.vscode\extensions\redhat.java-1.20.0-win32-x64\jre\17.0.7-win32-x86_64\bin\zip.dll
0x00007ffeb3040000 - 0x00007ffeb3784000 	C:\Windows\System32\SHELL32.dll
0x00007ffeafde0000 - 0x00007ffeb0573000 	C:\Windows\SYSTEM32\windows.storage.dll
0x00007ffeb2ab0000 - 0x00007ffeb2e04000 	C:\Windows\System32\combase.dll
0x00007ffeb16f0000 - 0x00007ffeb171e000 	C:\Windows\SYSTEM32\Wldp.dll
0x00007ffeb3b00000 - 0x00007ffeb3bad000 	C:\Windows\System32\SHCORE.dll
0x00007ffeb2740000 - 0x00007ffeb2795000 	C:\Windows\System32\shlwapi.dll
0x00007ffeb1c50000 - 0x00007ffeb1c6f000 	C:\Windows\SYSTEM32\profapi.dll
0x00007ffe8e6f0000 - 0x00007ffe8e709000 	C:\Users\cesar\.vscode\extensions\redhat.java-1.20.0-win32-x64\jre\17.0.7-win32-x86_64\bin\net.dll
0x00007ffeab9a0000 - 0x00007ffeabaaa000 	C:\Windows\SYSTEM32\WINHTTP.dll
0x00007ffeb13e0000 - 0x00007ffeb144a000 	C:\Windows\system32\mswsock.dll
0x00007ffe8c630000 - 0x00007ffe8c645000 	C:\Users\cesar\.vscode\extensions\redhat.java-1.20.0-win32-x64\jre\17.0.7-win32-x86_64\bin\nio.dll
0x00007ffe9b8a0000 - 0x00007ffe9b8b0000 	c:\Users\cesar\.vscode\extensions\redhat.java-1.20.0-win32-x64\jre\17.0.7-win32-x86_64\bin\verify.dll
0x00007ffe887f0000 - 0x00007ffe8882e000 	C:\Users\cesar\AppData\Roaming\Code\User\globalStorage\redhat.java\1.20.0\config_ss_win\org.eclipse.equinox.launcher\org.eclipse.equinox.launcher.win32.win32.x86_64_1.2.700.v20221108-1024\eclipse_11801.dll
0x00007ffeb44c0000 - 0x00007ffeb45ea000 	C:\Windows\System32\ole32.dll
0x00007ffeb15d0000 - 0x00007ffeb15e8000 	C:\Windows\SYSTEM32\CRYPTSP.dll
0x00007ffeb0d00000 - 0x00007ffeb0d34000 	C:\Windows\system32\rsaenh.dll
0x00007ffeb21f0000 - 0x00007ffeb2217000 	C:\Windows\System32\bcrypt.dll
0x00007ffeb1bd0000 - 0x00007ffeb1bfe000 	C:\Windows\SYSTEM32\USERENV.dll
0x00007ffeb15f0000 - 0x00007ffeb15fc000 	C:\Windows\SYSTEM32\CRYPTBASE.dll
0x00007ffeb10d0000 - 0x00007ffeb110c000 	C:\Windows\SYSTEM32\IPHLPAPI.DLL
0x00007ffeb44b0000 - 0x00007ffeb44b8000 	C:\Windows\System32\NSI.dll
0x00007ffeabe90000 - 0x00007ffeabea7000 	C:\Windows\SYSTEM32\dhcpcsvc6.DLL
0x00007ffeac750000 - 0x00007ffeac76d000 	C:\Windows\SYSTEM32\dhcpcsvc.DLL
0x00007ffeb1110000 - 0x00007ffeb11da000 	C:\Windows\SYSTEM32\DNSAPI.dll
0x00007ffe84510000 - 0x00007ffe84555000 	C:\Users\cesar\AppData\Local\Temp\jna-94551106\jna7165989471807220729.dll
0x00007ffeb2aa0000 - 0x00007ffeb2aa8000 	C:\Windows\System32\PSAPI.DLL

dbghelp: loaded successfully - version: 4.0.5 - missing functions: none
symbol engine: initialized successfully - sym options: 0x614 - pdb path: .;c:\Users\cesar\.vscode\extensions\redhat.java-1.20.0-win32-x64\jre\17.0.7-win32-x86_64\bin;C:\Windows\SYSTEM32;C:\Windows\WinSxS\amd64_microsoft.windows.common-controls_6595b64144ccf1df_6.0.19041.1110_none_60b5254171f9507e;c:\Users\cesar\.vscode\extensions\redhat.java-1.20.0-win32-x64\jre\17.0.7-win32-x86_64\bin\server;C:\Users\cesar\AppData\Roaming\Code\User\globalStorage\redhat.java\1.20.0\config_ss_win\org.eclipse.equinox.launcher\org.eclipse.equinox.launcher.win32.win32.x86_64_1.2.700.v20221108-1024;C:\Users\cesar\AppData\Local\Temp\jna-94551106

VM Arguments:
jvm_args: --add-modules=ALL-SYSTEM --add-opens=java.base/java.util=ALL-UNNAMED --add-opens=java.base/java.lang=ALL-UNNAMED --add-opens=java.base/sun.nio.fs=ALL-UNNAMED -Declipse.application=org.eclipse.jdt.ls.core.id1 -Dosgi.bundles.defaultStartLevel=4 -Declipse.product=org.eclipse.jdt.ls.core.product -Djava.import.generatesMetadataFilesAtProjectRoot=false -Dfile.encoding=utf8 -XX:+UseParallelGC -XX:GCTimeRatio=4 -XX:AdaptiveSizePolicyWeight=90 -Dsun.zip.disableMemoryMapping=true -Xmx1G -Xms100m -Xlog:disable -javaagent:c:\Users\cesar\.vscode\extensions\redhat.java-1.20.0-win32-x64\lombok\lombok-1.18.28.jar 
java_command: c:\Users\cesar\.vscode\extensions\redhat.java-1.20.0-win32-x64\server\plugins\org.eclipse.equinox.launcher_1.6.500.v20230622-2056.jar -configuration c:\Users\cesar\AppData\Roaming\Code\User\globalStorage\redhat.java\1.20.0\config_ss_win -data c:\Users\cesar\AppData\Roaming\Code\User\workspaceStorage\905fa3c76764976a3b320e3453b4ae40\redhat.java\ss_ws
java_class_path (initial): c:\Users\cesar\.vscode\extensions\redhat.java-1.20.0-win32-x64\server\plugins\org.eclipse.equinox.launcher_1.6.500.v20230622-2056.jar
Launcher Type: SUN_STANDARD

[Global flags]
    uintx AdaptiveSizePolicyWeight                 = 90                                        {product} {command line}
     intx CICompilerCount                          = 4                                         {product} {ergonomic}
    uintx GCTimeRatio                              = 4                                         {product} {command line}
   size_t InitialHeapSize                          = 104857600                                 {product} {command line}
   size_t MaxHeapSize                              = 1073741824                                {product} {command line}
   size_t MaxNewSize                               = 357564416                                 {product} {ergonomic}
   size_t MinHeapDeltaBytes                        = 524288                                    {product} {ergonomic}
   size_t MinHeapSize                              = 104857600                                 {product} {command line}
   size_t NewSize                                  = 34603008                                  {product} {ergonomic}
    uintx NonNMethodCodeHeapSize                   = 5839372                                {pd product} {ergonomic}
    uintx NonProfiledCodeHeapSize                  = 122909434                              {pd product} {ergonomic}
   size_t OldSize                                  = 70254592                                  {product} {ergonomic}
    uintx ProfiledCodeHeapSize                     = 122909434                              {pd product} {ergonomic}
    uintx ReservedCodeCacheSize                    = 251658240                              {pd product} {ergonomic}
     bool SegmentedCodeCache                       = true                                      {product} {ergonomic}
   size_t SoftMaxHeapSize                          = 1073741824                             {manageable} {ergonomic}
     bool UseCompressedClassPointers               = true                           {product lp64_product} {ergonomic}
     bool UseCompressedOops                        = true                           {product lp64_product} {ergonomic}
     bool UseLargePagesIndividualAllocation        = false                                  {pd product} {ergonomic}
     bool UseParallelGC                            = true                                      {product} {command line}

Logging:
Log output configuration:
 #0: stdout all=off uptime,level,tags
 #1: stderr all=off uptime,level,tags

Environment Variables:
JAVA_HOME=C:\jdk-15.0.2
PATH=C:\Program Files\Common Files\Oracle\Java\javapath;C:\Program Files\Eclipse Adoptium\jdk-17.0.7.7-hotspot\bin;C:\Windows\system32;C:\Windows;C:\Windows\System32\Wbem;C:\Windows\System32\WindowsPowerShell\v1.0\;C:\Windows\System32\OpenSSH\;C:\gradle-8.1.1\bin;C:\jdk-15.0.2\bin;C:\Program Files\Git\cmd;C:\Users\cesar\AppData\Local\Microsoft\WindowsApps;;C:\Users\cesar\AppData\Local\Programs\Microsoft VS Code\bin;C:\Program Files\JetBrains\IntelliJ IDEA Educational Edition 2022.2.2\bin;
USERNAME=cesar
OS=Windows_NT
PROCESSOR_IDENTIFIER=Intel64 Family 6 Model 60 Stepping 3, GenuineIntel
TMP=C:\Users\cesar\AppData\Local\Temp
TEMP=C:\Users\cesar\AppData\Local\Temp



---------------  S Y S T E M  ---------------

OS:
 Windows 10 , 64 bit Build 19041 (10.0.19041.3031)
OS uptime: 21 days 23:45 hours

CPU: total 8 (initial active 8) (4 cores per cpu, 2 threads per core) family 6 model 60 stepping 3 microcode 0x27, cx8, cmov, fxsr, ht, mmx, sse, sse2, sse3, ssse3, sse4.1, sse4.2, popcnt, lzcnt, tsc, tscinvbit, avx, avx2, aes, erms, clmul, bmi1, bmi2, fma, vzeroupper, clflush

Memory: 4k page, system-wide physical 16272M (2858M free)
TotalPageFile size 32296M (AvailPageFile size 5M)
current process WorkingSet (physical memory assigned to process): 152M, peak: 153M
current process commit charge ("private bytes"): 258M, peak: 259M

vm_info: OpenJDK 64-Bit Server VM (17.0.7+7) for windows-amd64 JRE (17.0.7+7), built on Apr 18 2023 22:10:42 by "temurin" with MS VC++ 16.7 (VS2019)

END.
