#
# There is insufficient memory for the Java Runtime Environment to continue.
# Native memory allocation (malloc) failed to allocate 1177136 bytes for Chunk::new
# Possible reasons:
#   The system is out of physical RAM or swap space
#   The process is running with CompressedOops enabled, and the Java Heap may be blocking the growth of the native heap
# Possible solutions:
#   Reduce memory load on the system
#   Increase physical memory or swap space
#   Check if swap backing store is full
#   Decrease Java heap size (-Xmx/-Xms)
#   Decrease number of Java threads
#   Decrease Java thread stack sizes (-Xss)
#   Set larger code cache with -XX:ReservedCodeCacheSize=
#   JVM is running with Unscaled Compressed Oops mode in which the Java heap is
#     placed in the first 4GB address space. The Java Heap base address is the
#     maximum limit for the native heap growth. Please use -XX:HeapBaseMinAddress
#     to set the Java Heap base and to place the Java Heap above 4GB virtual address.
# This output file may be truncated or incomplete.
#
#  Out of Memory Error (arena.cpp:189), pid=22964, tid=13744
#
# JRE version: OpenJDK Runtime Environment Temurin-17.0.7+7 (17.0.7+7) (build 17.0.7+7)
# Java VM: OpenJDK 64-Bit Server VM Temurin-17.0.7+7 (17.0.7+7, mixed mode, tiered, compressed oops, compressed class ptrs, parallel gc, windows-amd64)
# No core dump will be written. Minidumps are not enabled by default on client versions of Windows
#

---------------  S U M M A R Y ------------

Command Line: --add-modules=ALL-SYSTEM --add-opens=java.base/java.util=ALL-UNNAMED --add-opens=java.base/java.lang=ALL-UNNAMED --add-opens=java.base/sun.nio.fs=ALL-UNNAMED -Declipse.application=org.eclipse.jdt.ls.core.id1 -Dosgi.bundles.defaultStartLevel=4 -Declipse.product=org.eclipse.jdt.ls.core.product -Djava.import.generatesMetadataFilesAtProjectRoot=false -Dfile.encoding=utf8 -XX:+UseParallelGC -XX:GCTimeRatio=4 -XX:AdaptiveSizePolicyWeight=90 -Dsun.zip.disableMemoryMapping=true -Xmx1G -Xms100m -Xlog:disable -javaagent:c:\Users\cesar\.vscode\extensions\redhat.java-1.20.0-win32-x64\lombok\lombok-1.18.28.jar c:\Users\cesar\.vscode\extensions\redhat.java-1.20.0-win32-x64\server\plugins\org.eclipse.equinox.launcher_1.6.500.v20230622-2056.jar -configuration c:\Users\cesar\AppData\Roaming\Code\User\globalStorage\redhat.java\1.20.0\config_ss_win -data c:\Users\cesar\AppData\Roaming\Code\User\workspaceStorage\905fa3c76764976a3b320e3453b4ae40\redhat.java\ss_ws

Host: Intel(R) Core(TM) i7-4790 CPU @ 3.60GHz, 8 cores, 15G,  Windows 10 , 64 bit Build 19041 (10.0.19041.3031)
Time: Thu Jul 20 17:41:12 2023 Pacific SA Standard Time elapsed time: 7.557659 seconds (0d 0h 0m 7s)

---------------  T H R E A D  ---------------

Current thread (0x000001f725140d60):  JavaThread "C2 CompilerThread2" daemon [_thread_in_native, id=13744, stack(0x000000e0e7b00000,0x000000e0e7c00000)]


Current CompileTask:
C2:   7557 4197 %     4       org.objectweb.asm.ClassReader::readCode @ 2036 (5109 bytes)

Stack: [0x000000e0e7b00000,0x000000e0e7c00000]
Native frames: (J=compiled Java code, j=interpreted, Vv=VM code, C=native code)
V  [jvm.dll+0x67754a]
V  [jvm.dll+0x834304]
V  [jvm.dll+0x835aae]
V  [jvm.dll+0x836113]
V  [jvm.dll+0x24696f]
V  [jvm.dll+0xac0ac]
V  [jvm.dll+0xac67c]
V  [jvm.dll+0x364de2]
V  [jvm.dll+0x1bca82]
V  [jvm.dll+0x219799]
V  [jvm.dll+0x218a61]
V  [jvm.dll+0x1a4d8d]
V  [jvm.dll+0x2284da]
V  [jvm.dll+0x226615]
V  [jvm.dll+0x7ea90b]
V  [jvm.dll+0x7e4e7a]
V  [jvm.dll+0x676395]
C  [ucrtbase.dll+0x21bb2]
C  [KERNEL32.DLL+0x17614]
C  [ntdll.dll+0x526f1]


---------------  P R O C E S S  ---------------

Threads class SMR info:
_java_thread_list=0x000001f72442f900, length=28, elements={
0x000001f709dcb7f0, 0x000001f709e81940, 0x000001f709e85600, 0x000001f709e8a130,
0x000001f709e8afa0, 0x000001f709e8e3c0, 0x000001f722f567c0, 0x000001f722f647d0,
0x000001f722f65270, 0x000001f722f66440, 0x000001f722fd9f00, 0x000001f7232713f0,
0x000001f7247075c0, 0x000001f72481c1a0, 0x000001f7246fb400, 0x000001f724797720,
0x000001f72481a0b0, 0x000001f7248a9040, 0x000001f7249b4080, 0x000001f7249b4a20,
0x000001f7249b6700, 0x000001f7249b5d60, 0x000001f7249b4ef0, 0x000001f7249b4550,
0x000001f7249b5890, 0x000001f7249b6230, 0x000001f725e91830, 0x000001f725140d60
}

Java Threads: ( => current thread )
  0x000001f709dcb7f0 JavaThread "main" [_thread_blocked, id=11076, stack(0x000000e0e5f00000,0x000000e0e6000000)]
  0x000001f709e81940 JavaThread "Reference Handler" daemon [_thread_blocked, id=12852, stack(0x000000e0e6200000,0x000000e0e6300000)]
  0x000001f709e85600 JavaThread "Finalizer" daemon [_thread_blocked, id=16856, stack(0x000000e0e6300000,0x000000e0e6400000)]
  0x000001f709e8a130 JavaThread "Signal Dispatcher" daemon [_thread_blocked, id=26648, stack(0x000000e0e6400000,0x000000e0e6500000)]
  0x000001f709e8afa0 JavaThread "Attach Listener" daemon [_thread_blocked, id=4524, stack(0x000000e0e6500000,0x000000e0e6600000)]
  0x000001f709e8e3c0 JavaThread "Service Thread" daemon [_thread_blocked, id=16212, stack(0x000000e0e6600000,0x000000e0e6700000)]
  0x000001f722f567c0 JavaThread "Monitor Deflation Thread" daemon [_thread_blocked, id=18060, stack(0x000000e0e6700000,0x000000e0e6800000)]
  0x000001f722f647d0 JavaThread "C2 CompilerThread0" daemon [_thread_in_native, id=23396, stack(0x000000e0e6800000,0x000000e0e6900000)]
  0x000001f722f65270 JavaThread "C1 CompilerThread0" daemon [_thread_blocked, id=25088, stack(0x000000e0e6900000,0x000000e0e6a00000)]
  0x000001f722f66440 JavaThread "Sweeper thread" daemon [_thread_blocked, id=20756, stack(0x000000e0e6a00000,0x000000e0e6b00000)]
  0x000001f722fd9f00 JavaThread "Common-Cleaner" daemon [_thread_blocked, id=13076, stack(0x000000e0e6b00000,0x000000e0e6c00000)]
  0x000001f7232713f0 JavaThread "Notification Thread" daemon [_thread_blocked, id=26116, stack(0x000000e0e6d00000,0x000000e0e6e00000)]
  0x000001f7247075c0 JavaThread "Active Thread: Equinox Container: 5eda845a-30aa-4e6f-96a3-455bff04a701" [_thread_blocked, id=15840, stack(0x000000e0e7600000,0x000000e0e7700000)]
  0x000001f72481c1a0 JavaThread "Framework Event Dispatcher: Equinox Container: 5eda845a-30aa-4e6f-96a3-455bff04a701" daemon [_thread_blocked, id=27984, stack(0x000000e0e7700000,0x000000e0e7800000)]
  0x000001f7246fb400 JavaThread "Start Level: Equinox Container: 5eda845a-30aa-4e6f-96a3-455bff04a701" daemon [_thread_blocked, id=1760, stack(0x000000e0e7800000,0x000000e0e7900000)]
  0x000001f724797720 JavaThread "SCR Component Actor" daemon [_thread_blocked, id=8472, stack(0x000000e0e7900000,0x000000e0e7a00000)]
  0x000001f72481a0b0 JavaThread "Worker-JM" [_thread_blocked, id=27660, stack(0x000000e0e7c00000,0x000000e0e7d00000)]
  0x000001f7248a9040 JavaThread "Worker-0" [_thread_blocked, id=7444, stack(0x000000e0e7500000,0x000000e0e7600000)]
  0x000001f7249b4080 JavaThread "Worker-1" [_thread_blocked, id=26856, stack(0x000000e0e7d00000,0x000000e0e7e00000)]
  0x000001f7249b4a20 JavaThread "Worker-2: Shutdown..." [_thread_in_vm, id=27120, stack(0x000000e0e7e00000,0x000000e0e7f00000)]
  0x000001f7249b6700 JavaThread "JNA Cleaner" daemon [_thread_blocked, id=20980, stack(0x000000e0e7f00000,0x000000e0e8000000)]
  0x000001f7249b5d60 JavaThread "pool-2-thread-1" [_thread_blocked, id=23804, stack(0x000000e0e8100000,0x000000e0e8200000)]
  0x000001f7249b4ef0 JavaThread "WorkspaceEventsHandler" [_thread_blocked, id=8692, stack(0x000000e0e8200000,0x000000e0e8300000)]
  0x000001f7249b4550 JavaThread "pool-1-thread-1" [_thread_in_native, id=2564, stack(0x000000e0e8300000,0x000000e0e8400000)]
  0x000001f7249b5890 JavaThread "ForkJoinPool.commonPool-worker-1" daemon [_thread_blocked, id=25048, stack(0x000000e0e8400000,0x000000e0e8500000)]
  0x000001f7249b6230 JavaThread "ForkJoinPool.commonPool-worker-2" daemon [_thread_blocked, id=11684, stack(0x000000e0e8500000,0x000000e0e8600000)]
  0x000001f725e91830 JavaThread "C2 CompilerThread1" daemon [_thread_in_native, id=19704, stack(0x000000e0e8600000,0x000000e0e8700000)]
=>0x000001f725140d60 JavaThread "C2 CompilerThread2" daemon [_thread_in_native, id=13744, stack(0x000000e0e7b00000,0x000000e0e7c00000)]

Other Threads:
  0x000001f709e565d0 VMThread "VM Thread" [stack: 0x000000e0e6100000,0x000000e0e6200000] [id=11064]
  0x000001f723278ec0 WatcherThread [stack: 0x000000e0e6e00000,0x000000e0e6f00000] [id=9028]
  0x000001f709de0230 GCTaskThread "GC Thread#0" [stack: 0x000000e0e6000000,0x000000e0e6100000] [id=9484]
  0x000001f724167b40 GCTaskThread "GC Thread#1" [stack: 0x000000e0e6f00000,0x000000e0e7000000] [id=14548]
  0x000001f72408c570 GCTaskThread "GC Thread#2" [stack: 0x000000e0e7000000,0x000000e0e7100000] [id=6256]
  0x000001f724162260 GCTaskThread "GC Thread#3" [stack: 0x000000e0e7100000,0x000000e0e7200000] [id=21384]
  0x000001f724162510 GCTaskThread "GC Thread#4" [stack: 0x000000e0e7200000,0x000000e0e7300000] [id=4880]
  0x000001f7241627c0 GCTaskThread "GC Thread#5" [stack: 0x000000e0e7300000,0x000000e0e7400000] [id=29120]
  0x000001f724162a70 GCTaskThread "GC Thread#6" [stack: 0x000000e0e7400000,0x000000e0e7500000] [id=19236]
  0x000001f723fcaf70 GCTaskThread "GC Thread#7" [stack: 0x000000e0e7a00000,0x000000e0e7b00000] [id=16260]

Threads with active compile tasks:
C2 CompilerThread0     7583 4178 %     4       org.objectweb.asm.SymbolTable::<init> @ 98 (536 bytes)
C1 CompilerThread0     7583 4358   !   2       java.util.concurrent.ConcurrentHashMap::putVal (433 bytes)
C2 CompilerThread1     7583 4214       4       org.objectweb.asm.ClassReader::readMethod (1066 bytes)
C2 CompilerThread2     7583 4197 %     4       org.objectweb.asm.ClassReader::readCode @ 2036 (5109 bytes)

VM state: not at safepoint (normal execution)

VM Mutex/Monitor currently owned by a thread: None

Heap address: 0x00000000c0000000, size: 1024 MB, Compressed Oops mode: 32-bit

CDS archive(s) not mapped
Compressed class space mapped at: 0x0000000100000000-0x0000000140000000, reserved size: 1073741824
Narrow klass base: 0x0000000000000000, Narrow klass shift: 3, Narrow klass range: 0x140000000

GC Precious Log:
 CPUs: 8 total, 8 available
 Memory: 16272M
 Large Page Support: Disabled
 NUMA Support: Disabled
 Compressed Oops: Enabled (32-bit)
 Alignments: Space 512K, Generation 512K, Heap 2M
 Heap Min Capacity: 100M
 Heap Initial Capacity: 100M
 Heap Max Capacity: 1G
 Pre-touch: Disabled
 Parallel Workers: 8

Heap:
 PSYoungGen      total 20480K, used 3706K [0x00000000eab00000, 0x00000000ec180000, 0x0000000100000000)
  eden space 19968K, 16% used [0x00000000eab00000,0x00000000eae50fb0,0x00000000ebe80000)
  from space 512K, 62% used [0x00000000ec100000,0x00000000ec150000,0x00000000ec180000)
  to   space 1024K, 0% used [0x00000000ebf80000,0x00000000ebf80000,0x00000000ec080000)
 ParOldGen       total 68608K, used 27568K [0x00000000c0000000, 0x00000000c4300000, 0x00000000eab00000)
  object space 68608K, 40% used [0x00000000c0000000,0x00000000c1aec348,0x00000000c4300000)
 Metaspace       used 45246K, committed 46016K, reserved 1114112K
  class space    used 4603K, committed 4928K, reserved 1048576K

Card table byte_map: [0x000001f709770000,0x000001f709980000] _byte_map_base: 0x000001f709170000

Marking Bits: (ParMarkBitMap*) 0x00007ffe48bf52c0
 Begin Bits: [0x000001f71ba50000, 0x000001f71ca50000)
 End Bits:   [0x000001f71ca50000, 0x000001f71da50000)

Polling page: 0x000001f707d70000

Metaspace:

Usage:
  Non-class:     39.69 MB used.
      Class:      4.50 MB used.
       Both:     44.19 MB used.

Virtual space:
  Non-class space:       64.00 MB reserved,      40.12 MB ( 63%) committed,  1 nodes.
      Class space:        1.00 GB reserved,       4.81 MB ( <1%) committed,  1 nodes.
             Both:        1.06 GB reserved,      44.94 MB (  4%) committed. 

Chunk freelists:
   Non-Class:  6.97 MB
       Class:  11.03 MB
        Both:  18.00 MB

MaxMetaspaceSize: unlimited
CompressedClassSpaceSize: 1.00 GB
Initial GC threshold: 21.00 MB
Current GC threshold: 58.38 MB
CDS: off
MetaspaceReclaimPolicy: balanced
 - commit_granule_bytes: 65536.
 - commit_granule_words: 8192.
 - virtual_space_node_default_size: 8388608.
 - enlarge_chunks_in_place: 1.
 - new_chunks_are_fully_committed: 0.
 - uncommit_free_chunks: 1.
 - use_allocation_guard: 0.
 - handle_deallocations: 1.


Internal statistics:

num_allocs_failed_limit: 8.
num_arena_births: 316.
num_arena_deaths: 14.
num_vsnodes_births: 2.
num_vsnodes_deaths: 0.
num_space_committed: 719.
num_space_uncommitted: 0.
num_chunks_returned_to_freelist: 22.
num_chunks_taken_from_freelist: 1809.
num_chunk_merges: 12.
num_chunk_splits: 1201.
num_chunks_enlarged: 810.
num_inconsistent_stats: 0.

CodeHeap 'non-profiled nmethods': size=120000Kb used=2327Kb max_used=2327Kb free=117673Kb
 bounds [0x000001f714520000, 0x000001f714790000, 0x000001f71ba50000]
CodeHeap 'profiled nmethods': size=120000Kb used=9382Kb max_used=9382Kb free=110617Kb
 bounds [0x000001f70ca50000, 0x000001f70d380000, 0x000001f713f80000]
CodeHeap 'non-nmethods': size=5760Kb used=1313Kb max_used=1362Kb free=4446Kb
 bounds [0x000001f713f80000, 0x000001f7141f0000, 0x000001f714520000]
 total_blobs=4994 nmethods=4343 adapters=564
 compilation: enabled
              stopped_count=0, restarted_count=0
 full_count=0

Compilation events (20 events):
Event: 7.472 Thread 0x000001f722f65270 4333       3       java.lang.invoke.MethodHandles$Lookup$ClassOption::optionsToFlag (40 bytes)
Event: 7.472 Thread 0x000001f722f65270 nmethod 4333 0x000001f70d36aa90 code [0x000001f70d36ac60, 0x000001f70d36b128]
Event: 7.472 Thread 0x000001f722f65270 4331       3       java.lang.invoke.MethodHandles$Lookup$ClassFile::<init> (20 bytes)
Event: 7.472 Thread 0x000001f722f65270 nmethod 4331 0x000001f70d36b290 code [0x000001f70d36b420, 0x000001f70d36b5b8]
Event: 7.472 Thread 0x000001f722f65270 4332       3       java.lang.invoke.MethodHandles$Lookup::makeHiddenClassDefiner (42 bytes)
Event: 7.473 Thread 0x000001f722f65270 nmethod 4332 0x000001f70d36b690 code [0x000001f70d36b960, 0x000001f70d36c898]
Event: 7.473 Thread 0x000001f722f65270 4334       3       java.lang.invoke.MethodHandles$Lookup$ClassDefiner::<init> (58 bytes)
Event: 7.473 Thread 0x000001f722f65270 nmethod 4334 0x000001f70d36ce10 code [0x000001f70d36cfa0, 0x000001f70d36d178]
Event: 7.474 Thread 0x000001f722f65270 4335       3       java.lang.invoke.MethodHandles$Lookup$ClassDefiner::defineClass (97 bytes)
Event: 7.475 Thread 0x000001f722f65270 nmethod 4335 0x000001f70d36d290 code [0x000001f70d36d540, 0x000001f70d36e378]
Event: 7.475 Thread 0x000001f722f65270 4336       3       java.lang.System$2::defineClass (21 bytes)
Event: 7.475 Thread 0x000001f722f65270 nmethod 4336 0x000001f70d36e990 code [0x000001f70d36eb40, 0x000001f70d36ecc8]
Event: 7.477 Thread 0x000001f722f65270 4337       3       jdk.internal.loader.AbstractClassLoaderValue::<init> (5 bytes)
Event: 7.477 Thread 0x000001f722f65270 nmethod 4337 0x000001f70d36ed90 code [0x000001f70d36ef20, 0x000001f70d36f078]
Event: 7.478 Thread 0x000001f722f65270 4338       3       java.nio.CharBuffer::position (8 bytes)
Event: 7.478 Thread 0x000001f722f65270 nmethod 4338 0x000001f70d36f110 code [0x000001f70d36f2a0, 0x000001f70d36f3e8]
Event: 7.509 Thread 0x000001f722f65270 4339       3       org.eclipse.osgi.internal.loader.classpath.ClasspathManager::findLocalResourceImpl (81 bytes)
Event: 7.510 Thread 0x000001f722f65270 nmethod 4339 0x000001f70d36f490 code [0x000001f70d36f660, 0x000001f70d36fa88]
Event: 7.530 Thread 0x000001f722f65270 4340       1       org.eclipse.jdt.core.dom.ASTNode::getParent (5 bytes)
Event: 7.531 Thread 0x000001f722f65270 nmethod 4340 0x000001f714765310 code [0x000001f7147654a0, 0x000001f714765578]

GC Heap History (20 events):
Event: 4.743 GC heap before
{Heap before GC invocations=11 (full 2):
 PSYoungGen      total 27648K, used 24064K [0x00000000eab00000, 0x00000000ec980000, 0x0000000100000000)
  eden space 24064K, 100% used [0x00000000eab00000,0x00000000ec280000,0x00000000ec280000)
  from space 3584K, 0% used [0x00000000ec600000,0x00000000ec600000,0x00000000ec980000)
  to   space 3584K, 0% used [0x00000000ec280000,0x00000000ec280000,0x00000000ec600000)
 ParOldGen       total 68608K, used 11003K [0x00000000c0000000, 0x00000000c4300000, 0x00000000eab00000)
  object space 68608K, 16% used [0x00000000c0000000,0x00000000c0abed00,0x00000000c4300000)
 Metaspace       used 36301K, committed 36992K, reserved 1114112K
  class space    used 3708K, committed 4032K, reserved 1048576K
}
Event: 4.746 GC heap after
{Heap after GC invocations=11 (full 2):
 PSYoungGen      total 26112K, used 2368K [0x00000000eab00000, 0x00000000ec800000, 0x0000000100000000)
  eden space 23552K, 0% used [0x00000000eab00000,0x00000000eab00000,0x00000000ec200000)
  from space 2560K, 92% used [0x00000000ec280000,0x00000000ec4d0020,0x00000000ec500000)
  to   space 3072K, 0% used [0x00000000ec500000,0x00000000ec500000,0x00000000ec800000)
 ParOldGen       total 68608K, used 11011K [0x00000000c0000000, 0x00000000c4300000, 0x00000000eab00000)
  object space 68608K, 16% used [0x00000000c0000000,0x00000000c0ac0d00,0x00000000c4300000)
 Metaspace       used 36301K, committed 36992K, reserved 1114112K
  class space    used 3708K, committed 4032K, reserved 1048576K
}
Event: 5.050 GC heap before
{Heap before GC invocations=12 (full 2):
 PSYoungGen      total 26112K, used 25920K [0x00000000eab00000, 0x00000000ec800000, 0x0000000100000000)
  eden space 23552K, 100% used [0x00000000eab00000,0x00000000ec200000,0x00000000ec200000)
  from space 2560K, 92% used [0x00000000ec280000,0x00000000ec4d0020,0x00000000ec500000)
  to   space 3072K, 0% used [0x00000000ec500000,0x00000000ec500000,0x00000000ec800000)
 ParOldGen       total 68608K, used 11011K [0x00000000c0000000, 0x00000000c4300000, 0x00000000eab00000)
  object space 68608K, 16% used [0x00000000c0000000,0x00000000c0ac0d00,0x00000000c4300000)
 Metaspace       used 36366K, committed 37056K, reserved 1114112K
  class space    used 3710K, committed 4032K, reserved 1048576K
}
Event: 5.054 GC heap after
{Heap after GC invocations=12 (full 2):
 PSYoungGen      total 24576K, used 3040K [0x00000000eab00000, 0x00000000ecb80000, 0x0000000100000000)
  eden space 21504K, 0% used [0x00000000eab00000,0x00000000eab00000,0x00000000ec000000)
  from space 3072K, 98% used [0x00000000ec500000,0x00000000ec7f8020,0x00000000ec800000)
  to   space 5120K, 0% used [0x00000000ec000000,0x00000000ec000000,0x00000000ec500000)
 ParOldGen       total 68608K, used 12419K [0x00000000c0000000, 0x00000000c4300000, 0x00000000eab00000)
  object space 68608K, 18% used [0x00000000c0000000,0x00000000c0c20d00,0x00000000c4300000)
 Metaspace       used 36366K, committed 37056K, reserved 1114112K
  class space    used 3710K, committed 4032K, reserved 1048576K
}
Event: 5.133 GC heap before
{Heap before GC invocations=13 (full 2):
 PSYoungGen      total 24576K, used 24544K [0x00000000eab00000, 0x00000000ecb80000, 0x0000000100000000)
  eden space 21504K, 100% used [0x00000000eab00000,0x00000000ec000000,0x00000000ec000000)
  from space 3072K, 98% used [0x00000000ec500000,0x00000000ec7f8020,0x00000000ec800000)
  to   space 5120K, 0% used [0x00000000ec000000,0x00000000ec000000,0x00000000ec500000)
 ParOldGen       total 68608K, used 12419K [0x00000000c0000000, 0x00000000c4300000, 0x00000000eab00000)
  object space 68608K, 18% used [0x00000000c0000000,0x00000000c0c20d00,0x00000000c4300000)
 Metaspace       used 36423K, committed 37120K, reserved 1114112K
  class space    used 3721K, committed 4032K, reserved 1048576K
}
Event: 5.138 GC heap after
{Heap after GC invocations=13 (full 2):
 PSYoungGen      total 24576K, used 2880K [0x00000000eab00000, 0x00000000ec700000, 0x0000000100000000)
  eden space 21504K, 0% used [0x00000000eab00000,0x00000000eab00000,0x00000000ec000000)
  from space 3072K, 93% used [0x00000000ec000000,0x00000000ec2d0020,0x00000000ec300000)
  to   space 3584K, 0% used [0x00000000ec380000,0x00000000ec380000,0x00000000ec700000)
 ParOldGen       total 68608K, used 15416K [0x00000000c0000000, 0x00000000c4300000, 0x00000000eab00000)
  object space 68608K, 22% used [0x00000000c0000000,0x00000000c0f0e078,0x00000000c4300000)
 Metaspace       used 36423K, committed 37120K, reserved 1114112K
  class space    used 3721K, committed 4032K, reserved 1048576K
}
Event: 5.233 GC heap before
{Heap before GC invocations=14 (full 2):
 PSYoungGen      total 24576K, used 24384K [0x00000000eab00000, 0x00000000ec700000, 0x0000000100000000)
  eden space 21504K, 100% used [0x00000000eab00000,0x00000000ec000000,0x00000000ec000000)
  from space 3072K, 93% used [0x00000000ec000000,0x00000000ec2d0020,0x00000000ec300000)
  to   space 3584K, 0% used [0x00000000ec380000,0x00000000ec380000,0x00000000ec700000)
 ParOldGen       total 68608K, used 15416K [0x00000000c0000000, 0x00000000c4300000, 0x00000000eab00000)
  object space 68608K, 22% used [0x00000000c0000000,0x00000000c0f0e078,0x00000000c4300000)
 Metaspace       used 36428K, committed 37184K, reserved 1114112K
  class space    used 3721K, committed 4032K, reserved 1048576K
}
Event: 5.238 GC heap after
{Heap after GC invocations=14 (full 2):
 PSYoungGen      total 24064K, used 2432K [0x00000000eab00000, 0x00000000ec600000, 0x0000000100000000)
  eden space 21504K, 0% used [0x00000000eab00000,0x00000000eab00000,0x00000000ec000000)
  from space 2560K, 95% used [0x00000000ec380000,0x00000000ec5e0000,0x00000000ec600000)
  to   space 3072K, 0% used [0x00000000ec000000,0x00000000ec000000,0x00000000ec300000)
 ParOldGen       total 68608K, used 18123K [0x00000000c0000000, 0x00000000c4300000, 0x00000000eab00000)
  object space 68608K, 26% used [0x00000000c0000000,0x00000000c11b2f98,0x00000000c4300000)
 Metaspace       used 36428K, committed 37184K, reserved 1114112K
  class space    used 3721K, committed 4032K, reserved 1048576K
}
Event: 5.320 GC heap before
{Heap before GC invocations=15 (full 2):
 PSYoungGen      total 24064K, used 23936K [0x00000000eab00000, 0x00000000ec600000, 0x0000000100000000)
  eden space 21504K, 100% used [0x00000000eab00000,0x00000000ec000000,0x00000000ec000000)
  from space 2560K, 95% used [0x00000000ec380000,0x00000000ec5e0000,0x00000000ec600000)
  to   space 3072K, 0% used [0x00000000ec000000,0x00000000ec000000,0x00000000ec300000)
 ParOldGen       total 68608K, used 18123K [0x00000000c0000000, 0x00000000c4300000, 0x00000000eab00000)
  object space 68608K, 26% used [0x00000000c0000000,0x00000000c11b2f98,0x00000000c4300000)
 Metaspace       used 36428K, committed 37184K, reserved 1114112K
  class space    used 3721K, committed 4032K, reserved 1048576K
}
Event: 5.323 GC heap after
{Heap after GC invocations=15 (full 2):
 PSYoungGen      total 24064K, used 2432K [0x00000000eab00000, 0x00000000ec500000, 0x0000000100000000)
  eden space 21504K, 0% used [0x00000000eab00000,0x00000000eab00000,0x00000000ec000000)
  from space 2560K, 95% used [0x00000000ec000000,0x00000000ec260010,0x00000000ec280000)
  to   space 2560K, 0% used [0x00000000ec280000,0x00000000ec280000,0x00000000ec500000)
 ParOldGen       total 68608K, used 20467K [0x00000000c0000000, 0x00000000c4300000, 0x00000000eab00000)
  object space 68608K, 29% used [0x00000000c0000000,0x00000000c13fcf98,0x00000000c4300000)
 Metaspace       used 36428K, committed 37184K, reserved 1114112K
  class space    used 3721K, committed 4032K, reserved 1048576K
}
Event: 5.761 GC heap before
{Heap before GC invocations=16 (full 2):
 PSYoungGen      total 24064K, used 23881K [0x00000000eab00000, 0x00000000ec500000, 0x0000000100000000)
  eden space 21504K, 99% used [0x00000000eab00000,0x00000000ebff2678,0x00000000ec000000)
  from space 2560K, 95% used [0x00000000ec000000,0x00000000ec260010,0x00000000ec280000)
  to   space 2560K, 0% used [0x00000000ec280000,0x00000000ec280000,0x00000000ec500000)
 ParOldGen       total 68608K, used 20467K [0x00000000c0000000, 0x00000000c4300000, 0x00000000eab00000)
  object space 68608K, 29% used [0x00000000c0000000,0x00000000c13fcf98,0x00000000c4300000)
 Metaspace       used 38878K, committed 39552K, reserved 1114112K
  class space    used 4010K, committed 4288K, reserved 1048576K
}
Event: 5.764 GC heap after
{Heap after GC invocations=16 (full 2):
 PSYoungGen      total 24064K, used 1864K [0x00000000eab00000, 0x00000000ec500000, 0x0000000100000000)
  eden space 21504K, 0% used [0x00000000eab00000,0x00000000eab00000,0x00000000ec000000)
  from space 2560K, 72% used [0x00000000ec280000,0x00000000ec452128,0x00000000ec500000)
  to   space 2560K, 0% used [0x00000000ec000000,0x00000000ec000000,0x00000000ec280000)
 ParOldGen       total 68608K, used 22814K [0x00000000c0000000, 0x00000000c4300000, 0x00000000eab00000)
  object space 68608K, 33% used [0x00000000c0000000,0x00000000c1647b80,0x00000000c4300000)
 Metaspace       used 38878K, committed 39552K, reserved 1114112K
  class space    used 4010K, committed 4288K, reserved 1048576K
}
Event: 6.309 GC heap before
{Heap before GC invocations=17 (full 2):
 PSYoungGen      total 24064K, used 23368K [0x00000000eab00000, 0x00000000ec500000, 0x0000000100000000)
  eden space 21504K, 100% used [0x00000000eab00000,0x00000000ec000000,0x00000000ec000000)
  from space 2560K, 72% used [0x00000000ec280000,0x00000000ec452128,0x00000000ec500000)
  to   space 2560K, 0% used [0x00000000ec000000,0x00000000ec000000,0x00000000ec280000)
 ParOldGen       total 68608K, used 22814K [0x00000000c0000000, 0x00000000c4300000, 0x00000000eab00000)
  object space 68608K, 33% used [0x00000000c0000000,0x00000000c1647b80,0x00000000c4300000)
 Metaspace       used 39949K, committed 40576K, reserved 1114112K
  class space    used 4146K, committed 4416K, reserved 1048576K
}
Event: 6.311 GC heap after
{Heap after GC invocations=17 (full 2):
 PSYoungGen      total 22016K, used 416K [0x00000000eab00000, 0x00000000ec300000, 0x0000000100000000)
  eden space 21504K, 0% used [0x00000000eab00000,0x00000000eab00000,0x00000000ec000000)
  from space 512K, 81% used [0x00000000ec000000,0x00000000ec068010,0x00000000ec080000)
  to   space 1024K, 0% used [0x00000000ec200000,0x00000000ec200000,0x00000000ec300000)
 ParOldGen       total 68608K, used 24577K [0x00000000c0000000, 0x00000000c4300000, 0x00000000eab00000)
  object space 68608K, 35% used [0x00000000c0000000,0x00000000c1800710,0x00000000c4300000)
 Metaspace       used 39949K, committed 40576K, reserved 1114112K
  class space    used 4146K, committed 4416K, reserved 1048576K
}
Event: 7.209 GC heap before
{Heap before GC invocations=18 (full 2):
 PSYoungGen      total 22016K, used 21809K [0x00000000eab00000, 0x00000000ec300000, 0x0000000100000000)
  eden space 21504K, 99% used [0x00000000eab00000,0x00000000ebfe43f8,0x00000000ec000000)
  from space 512K, 81% used [0x00000000ec000000,0x00000000ec068010,0x00000000ec080000)
  to   space 1024K, 0% used [0x00000000ec200000,0x00000000ec200000,0x00000000ec300000)
 ParOldGen       total 68608K, used 24577K [0x00000000c0000000, 0x00000000c4300000, 0x00000000eab00000)
  object space 68608K, 35% used [0x00000000c0000000,0x00000000c1800710,0x00000000c4300000)
 Metaspace       used 43276K, committed 44032K, reserved 1114112K
  class space    used 4422K, committed 4736K, reserved 1048576K
}
Event: 7.212 GC heap after
{Heap after GC invocations=18 (full 2):
 PSYoungGen      total 20992K, used 1004K [0x00000000eab00000, 0x00000000ec700000, 0x0000000100000000)
  eden space 19968K, 0% used [0x00000000eab00000,0x00000000eab00000,0x00000000ebe80000)
  from space 1024K, 98% used [0x00000000ec200000,0x00000000ec2fb2a0,0x00000000ec300000)
  to   space 3584K, 0% used [0x00000000ebe80000,0x00000000ebe80000,0x00000000ec200000)
 ParOldGen       total 68608K, used 26308K [0x00000000c0000000, 0x00000000c4300000, 0x00000000eab00000)
  object space 68608K, 38% used [0x00000000c0000000,0x00000000c19b1090,0x00000000c4300000)
 Metaspace       used 43276K, committed 44032K, reserved 1114112K
  class space    used 4422K, committed 4736K, reserved 1048576K
}
Event: 7.333 GC heap before
{Heap before GC invocations=19 (full 2):
 PSYoungGen      total 20992K, used 20972K [0x00000000eab00000, 0x00000000ec700000, 0x0000000100000000)
  eden space 19968K, 100% used [0x00000000eab00000,0x00000000ebe80000,0x00000000ebe80000)
  from space 1024K, 98% used [0x00000000ec200000,0x00000000ec2fb2a0,0x00000000ec300000)
  to   space 3584K, 0% used [0x00000000ebe80000,0x00000000ebe80000,0x00000000ec200000)
 ParOldGen       total 68608K, used 26308K [0x00000000c0000000, 0x00000000c4300000, 0x00000000eab00000)
  object space 68608K, 38% used [0x00000000c0000000,0x00000000c19b1090,0x00000000c4300000)
 Metaspace       used 43312K, committed 44032K, reserved 1114112K
  class space    used 4422K, committed 4736K, reserved 1048576K
}
Event: 7.334 GC heap after
{Heap after GC invocations=19 (full 2):
 PSYoungGen      total 20992K, used 793K [0x00000000eab00000, 0x00000000ec280000, 0x0000000100000000)
  eden space 19968K, 0% used [0x00000000eab00000,0x00000000eab00000,0x00000000ebe80000)
  from space 1024K, 77% used [0x00000000ebe80000,0x00000000ebf46730,0x00000000ebf80000)
  to   space 1536K, 0% used [0x00000000ec100000,0x00000000ec100000,0x00000000ec280000)
 ParOldGen       total 68608K, used 27341K [0x00000000c0000000, 0x00000000c4300000, 0x00000000eab00000)
  object space 68608K, 39% used [0x00000000c0000000,0x00000000c1ab34a8,0x00000000c4300000)
 Metaspace       used 43312K, committed 44032K, reserved 1114112K
  class space    used 4422K, committed 4736K, reserved 1048576K
}
Event: 7.478 GC heap before
{Heap before GC invocations=20 (full 2):
 PSYoungGen      total 20992K, used 20761K [0x00000000eab00000, 0x00000000ec280000, 0x0000000100000000)
  eden space 19968K, 100% used [0x00000000eab00000,0x00000000ebe80000,0x00000000ebe80000)
  from space 1024K, 77% used [0x00000000ebe80000,0x00000000ebf46730,0x00000000ebf80000)
  to   space 1536K, 0% used [0x00000000ec100000,0x00000000ec100000,0x00000000ec280000)
 ParOldGen       total 68608K, used 27341K [0x00000000c0000000, 0x00000000c4300000, 0x00000000eab00000)
  object space 68608K, 39% used [0x00000000c0000000,0x00000000c1ab34a8,0x00000000c4300000)
 Metaspace       used 44506K, committed 45184K, reserved 1114112K
  class space    used 4531K, committed 4800K, reserved 1048576K
}
Event: 7.480 GC heap after
{Heap after GC invocations=20 (full 2):
 PSYoungGen      total 20480K, used 320K [0x00000000eab00000, 0x00000000ec180000, 0x0000000100000000)
  eden space 19968K, 0% used [0x00000000eab00000,0x00000000eab00000,0x00000000ebe80000)
  from space 512K, 62% used [0x00000000ec100000,0x00000000ec150000,0x00000000ec180000)
  to   space 1024K, 0% used [0x00000000ebf80000,0x00000000ebf80000,0x00000000ec080000)
 ParOldGen       total 68608K, used 27568K [0x00000000c0000000, 0x00000000c4300000, 0x00000000eab00000)
  object space 68608K, 40% used [0x00000000c0000000,0x00000000c1aec348,0x00000000c4300000)
 Metaspace       used 44506K, committed 45184K, reserved 1114112K
  class space    used 4531K, committed 4800K, reserved 1048576K
}

Dll operation events (10 events):
Event: 0.008 Loaded shared library c:\Users\cesar\.vscode\extensions\redhat.java-1.20.0-win32-x64\jre\17.0.7-win32-x86_64\bin\java.dll
Event: 0.123 Loaded shared library c:\Users\cesar\.vscode\extensions\redhat.java-1.20.0-win32-x64\jre\17.0.7-win32-x86_64\bin\zip.dll
Event: 0.125 Loaded shared library C:\Users\cesar\.vscode\extensions\redhat.java-1.20.0-win32-x64\jre\17.0.7-win32-x86_64\bin\instrument.dll
Event: 0.137 Loaded shared library C:\Users\cesar\.vscode\extensions\redhat.java-1.20.0-win32-x64\jre\17.0.7-win32-x86_64\bin\net.dll
Event: 0.138 Loaded shared library C:\Users\cesar\.vscode\extensions\redhat.java-1.20.0-win32-x64\jre\17.0.7-win32-x86_64\bin\nio.dll
Event: 0.143 Loaded shared library C:\Users\cesar\.vscode\extensions\redhat.java-1.20.0-win32-x64\jre\17.0.7-win32-x86_64\bin\zip.dll
Event: 0.154 Loaded shared library C:\Users\cesar\.vscode\extensions\redhat.java-1.20.0-win32-x64\jre\17.0.7-win32-x86_64\bin\jimage.dll
Event: 0.190 Loaded shared library c:\Users\cesar\.vscode\extensions\redhat.java-1.20.0-win32-x64\jre\17.0.7-win32-x86_64\bin\verify.dll
Event: 1.214 Loaded shared library C:\Users\cesar\AppData\Roaming\Code\User\globalStorage\redhat.java\1.20.0\config_ss_win\org.eclipse.equinox.launcher\org.eclipse.equinox.launcher.win32.win32.x86_64_1.2.700.v20221108-1024\eclipse_11801.dll
Event: 3.626 Loaded shared library C:\Users\cesar\AppData\Local\Temp\jna-94551106\jna8964063880971000582.dll

Deoptimization events (20 events):
Event: 7.248 Thread 0x000001f7249b5890 Uncommon trap: trap_request=0xffffffde fr.pc=0x000001f71460952c relative=0x000000000000816c
Event: 7.248 Thread 0x000001f7249b5890 Uncommon trap: reason=class_check action=maybe_recompile pc=0x000001f71460952c method=lombok.patcher.PatchScript$MethodPatcher.visitMethod(ILjava/lang/String;Ljava/lang/String;Ljava/lang/String;[Ljava/lang/String;)Lorg/objectweb/asm/MethodVisitor; @ 101 c
Event: 7.248 Thread 0x000001f7249b5890 DEOPT PACKING pc=0x000001f71460952c sp=0x000000e0e84fbab0
Event: 7.248 Thread 0x000001f7249b5890 DEOPT UNPACKING pc=0x000001f713fd66a3 sp=0x000000e0e84fba38 mode 2
Event: 7.248 Thread 0x000001f7249b5890 Uncommon trap: trap_request=0xffffffde fr.pc=0x000001f71460952c relative=0x000000000000816c
Event: 7.248 Thread 0x000001f7249b5890 Uncommon trap: reason=class_check action=maybe_recompile pc=0x000001f71460952c method=lombok.patcher.PatchScript$MethodPatcher.visitMethod(ILjava/lang/String;Ljava/lang/String;Ljava/lang/String;[Ljava/lang/String;)Lorg/objectweb/asm/MethodVisitor; @ 101 c
Event: 7.248 Thread 0x000001f7249b5890 DEOPT PACKING pc=0x000001f71460952c sp=0x000000e0e84fbab0
Event: 7.248 Thread 0x000001f7249b5890 DEOPT UNPACKING pc=0x000001f713fd66a3 sp=0x000000e0e84fba38 mode 2
Event: 7.295 Thread 0x000001f7249b5890 Uncommon trap: trap_request=0xffffff45 fr.pc=0x000001f714758d78 relative=0x0000000000000e98
Event: 7.295 Thread 0x000001f7249b5890 Uncommon trap: reason=unstable_if action=reinterpret pc=0x000001f714758d78 method=org.objectweb.asm.MethodWriter.putMethodInfo(Lorg/objectweb/asm/ByteVector;)V @ 374 c2
Event: 7.295 Thread 0x000001f7249b5890 DEOPT PACKING pc=0x000001f714758d78 sp=0x000000e0e84fbca0
Event: 7.295 Thread 0x000001f7249b5890 DEOPT UNPACKING pc=0x000001f713fd66a3 sp=0x000000e0e84fbc58 mode 2
Event: 7.391 Thread 0x000001f7249b4080 Uncommon trap: trap_request=0xffffffc6 fr.pc=0x000001f7147568ac relative=0x00000000000003cc
Event: 7.391 Thread 0x000001f7249b4080 Uncommon trap: reason=bimorphic_or_optimized_type_check action=maybe_recompile pc=0x000001f7147568ac method=java.util.regex.Matcher.search(I)Z @ 121 c2
Event: 7.391 Thread 0x000001f7249b4080 DEOPT PACKING pc=0x000001f7147568ac sp=0x000000e0e7dff150
Event: 7.391 Thread 0x000001f7249b4080 DEOPT UNPACKING pc=0x000001f713fd66a3 sp=0x000000e0e7dff0f0 mode 2
Event: 7.433 Thread 0x000001f7249b4080 Uncommon trap: trap_request=0xffffff45 fr.pc=0x000001f71472d50c relative=0x000000000000008c
Event: 7.433 Thread 0x000001f7249b4080 Uncommon trap: reason=unstable_if action=reinterpret pc=0x000001f71472d50c method=java.util.Hashtable$Enumerator.nextElement()Ljava/lang/Object; @ 87 c2
Event: 7.433 Thread 0x000001f7249b4080 DEOPT PACKING pc=0x000001f71472d50c sp=0x000000e0e7dfefb0
Event: 7.433 Thread 0x000001f7249b4080 DEOPT UNPACKING pc=0x000001f713fd66a3 sp=0x000000e0e7dfef30 mode 2

Classes unloaded (7 events):
Event: 1.925 Thread 0x000001f709e565d0 Unloading class 0x0000000100212400 'java/lang/invoke/LambdaForm$MH+0x0000000100212400'
Event: 1.925 Thread 0x000001f709e565d0 Unloading class 0x0000000100212000 'java/lang/invoke/LambdaForm$MH+0x0000000100212000'
Event: 1.925 Thread 0x000001f709e565d0 Unloading class 0x0000000100211c00 'java/lang/invoke/LambdaForm$MH+0x0000000100211c00'
Event: 1.925 Thread 0x000001f709e565d0 Unloading class 0x0000000100211800 'java/lang/invoke/LambdaForm$MH+0x0000000100211800'
Event: 1.925 Thread 0x000001f709e565d0 Unloading class 0x0000000100211000 'java/lang/invoke/LambdaForm$BMH+0x0000000100211000'
Event: 1.925 Thread 0x000001f709e565d0 Unloading class 0x0000000100210c00 'java/lang/invoke/LambdaForm$DMH+0x0000000100210c00'
Event: 1.925 Thread 0x000001f709e565d0 Unloading class 0x000000010020e000 'java/lang/invoke/LambdaForm$DMH+0x000000010020e000'

Classes redefined (0 events):
No events

Internal exceptions (20 events):
Event: 3.755 Thread 0x000001f709dcb7f0 Exception <a 'java/lang/NoSuchMethodError'{0x00000000ec064a68}: 'java.lang.Object java.lang.invoke.Invokers$Holder.linkToTargetMethod(java.lang.Object, long, java.lang.Object)'> (0x00000000ec064a68) 
thrown [s\src\hotspot\share\interpreter\linkResolver.cpp, line 759]
Event: 3.856 Thread 0x000001f709dcb7f0 Exception <a 'java/lang/NoSuchMethodError'{0x00000000ec202398}: 'void java.lang.invoke.DirectMethodHandle$Holder.invokeStatic(java.lang.Object, java.lang.Object, java.lang.Object, java.lang.Object)'> (0x00000000ec202398) 
thrown [s\src\hotspot\share\interpreter\linkResolver.cpp, line 759]
Event: 4.033 Thread 0x000001f709dcb7f0 Exception <a 'java/lang/NoSuchMethodError'{0x00000000eb215408}: 'void java.lang.invoke.DirectMethodHandle$Holder.invokeSpecial(java.lang.Object, java.lang.Object, java.lang.Object, java.lang.Object, java.lang.Object, java.lang.Object)'> (0x00000000eb215408) 
thrown [s\src\hotspot\share\interpreter\linkResolver.cpp, line 759]
Event: 4.036 Thread 0x000001f709dcb7f0 Exception <a 'java/lang/IncompatibleClassChangeError'{0x00000000eb21ecb8}: Found class java.lang.Object, but interface was expected> (0x00000000eb21ecb8) 
thrown [s\src\hotspot\share\interpreter\linkResolver.cpp, line 826]
Event: 4.215 Thread 0x000001f7249b4550 Exception <a 'java/io/FileNotFoundException'{0x00000000eb850748}> (0x00000000eb850748) 
thrown [s\src\hotspot\share\prims\jni.cpp, line 516]
Event: 4.268 Thread 0x000001f7249b4550 Exception <a 'sun/nio/fs/WindowsException'{0x00000000eb9fb120}> (0x00000000eb9fb120) 
thrown [s\src\hotspot\share\prims\jni.cpp, line 516]
Event: 4.270 Thread 0x000001f7248a9040 Exception <a 'java/io/FileNotFoundException'{0x00000000eb5b69c0}> (0x00000000eb5b69c0) 
thrown [s\src\hotspot\share\prims\jni.cpp, line 516]
Event: 4.271 Thread 0x000001f7248a9040 Exception <a 'java/io/FileNotFoundException'{0x00000000eb5b7c80}> (0x00000000eb5b7c80) 
thrown [s\src\hotspot\share\prims\jni.cpp, line 516]
Event: 4.381 Thread 0x000001f7249b4080 Exception <a 'java/lang/NoSuchMethodError'{0x00000000eabcdfc0}: 'java.lang.Object java.lang.invoke.Invokers$Holder.invoke_MT(java.lang.Object, java.lang.Object, java.lang.Object)'> (0x00000000eabcdfc0) 
thrown [s\src\hotspot\share\interpreter\linkResolver.cpp, line 759]
Event: 4.728 Thread 0x000001f7249b4080 Exception <a 'java/io/FileNotFoundException'{0x00000000ec1e4148}> (0x00000000ec1e4148) 
thrown [s\src\hotspot\share\prims\jni.cpp, line 516]
Event: 4.728 Thread 0x000001f7249b4080 Exception <a 'java/io/FileNotFoundException'{0x00000000ec1e5a10}> (0x00000000ec1e5a10) 
thrown [s\src\hotspot\share\prims\jni.cpp, line 516]
Event: 4.733 Thread 0x000001f7249b4080 Exception <a 'java/lang/NoSuchMethodError'{0x00000000ec1f1e78}: 'void java.lang.invoke.DirectMethodHandle$Holder.invokeStaticInit(java.lang.Object, java.lang.Object, java.lang.Object)'> (0x00000000ec1f1e78) 
thrown [s\src\hotspot\share\interpreter\linkResolver.cpp, line 759]
Event: 5.436 Thread 0x000001f7249b4550 Exception <a 'java/lang/NoSuchMethodError'{0x00000000eb0c4070}: 'java.lang.Object java.lang.invoke.DirectMethodHandle$Holder.invokeInterface(java.lang.Object, java.lang.Object, java.lang.Object)'> (0x00000000eb0c4070) 
thrown [s\src\hotspot\share\interpreter\linkResolver.cpp, line 759]
Event: 6.996 Thread 0x000001f7249b5890 Exception <a 'java/lang/NoSuchMethodError'{0x00000000eb715298}: 'int java.lang.invoke.DirectMethodHandle$Holder.invokeStatic(java.lang.Object, java.lang.Object, java.lang.Object, int)'> (0x00000000eb715298) 
thrown [s\src\hotspot\share\interpreter\linkResolver.cpp, line 759]
Event: 7.014 Thread 0x000001f7249b5890 Exception <a 'java/lang/NoSuchMethodError'{0x00000000eb86b8b0}: 'int java.lang.invoke.DirectMethodHandle$Holder.invokeVirtual(java.lang.Object, java.lang.Object, java.lang.Object)'> (0x00000000eb86b8b0) 
thrown [s\src\hotspot\share\interpreter\linkResolver.cpp, line 759]
Event: 7.018 Thread 0x000001f7249b5890 Exception <a 'java/lang/NoSuchMethodError'{0x00000000eb8c2350}: 'int java.lang.invoke.DirectMethodHandle$Holder.invokeSpecialIFC(java.lang.Object, java.lang.Object, java.lang.Object)'> (0x00000000eb8c2350) 
thrown [s\src\hotspot\share\interpreter\linkResolver.cpp, line 759]
Event: 7.089 Thread 0x000001f7249b5890 Exception <a 'java/io/FileNotFoundException'{0x00000000ebbb9730}> (0x00000000ebbb9730) 
thrown [s\src\hotspot\share\prims\jni.cpp, line 516]
Event: 7.102 Thread 0x000001f7249b5890 Exception <a 'java/io/FileNotFoundException'{0x00000000ebbcecb8}> (0x00000000ebbcecb8) 
thrown [s\src\hotspot\share\prims\jni.cpp, line 516]
Event: 7.446 Thread 0x000001f7249b4080 Exception <a 'java/io/FileNotFoundException'{0x00000000ebbe3480}> (0x00000000ebbe3480) 
thrown [s\src\hotspot\share\prims\jni.cpp, line 516]
Event: 7.446 Thread 0x000001f7249b4080 Exception <a 'java/io/FileNotFoundException'{0x00000000ebbe4758}> (0x00000000ebbe4758) 
thrown [s\src\hotspot\share\prims\jni.cpp, line 516]

VM Operations (20 events):
Event: 5.133 Executing VM operation: ParallelGCFailedAllocation
Event: 5.138 Executing VM operation: ParallelGCFailedAllocation done
Event: 5.232 Executing VM operation: ParallelGCFailedAllocation
Event: 5.238 Executing VM operation: ParallelGCFailedAllocation done
Event: 5.320 Executing VM operation: ParallelGCFailedAllocation
Event: 5.323 Executing VM operation: ParallelGCFailedAllocation done
Event: 5.652 Executing VM operation: HandshakeAllThreads
Event: 5.652 Executing VM operation: HandshakeAllThreads done
Event: 5.761 Executing VM operation: ParallelGCFailedAllocation
Event: 5.764 Executing VM operation: ParallelGCFailedAllocation done
Event: 6.309 Executing VM operation: ParallelGCFailedAllocation
Event: 6.311 Executing VM operation: ParallelGCFailedAllocation done
Event: 7.021 Executing VM operation: HandshakeAllThreads
Event: 7.022 Executing VM operation: HandshakeAllThreads done
Event: 7.208 Executing VM operation: ParallelGCFailedAllocation
Event: 7.212 Executing VM operation: ParallelGCFailedAllocation done
Event: 7.333 Executing VM operation: ParallelGCFailedAllocation
Event: 7.334 Executing VM operation: ParallelGCFailedAllocation done
Event: 7.478 Executing VM operation: ParallelGCFailedAllocation
Event: 7.480 Executing VM operation: ParallelGCFailedAllocation done

Events (20 events):
Event: 6.909 loading class java/lang/UnsupportedClassVersionError
Event: 6.910 loading class java/lang/UnsupportedClassVersionError done
Event: 6.913 Thread 0x000001f7247863a0 Thread exited: 0x000001f7247863a0
Event: 6.921 loading class jdk/internal/reflect/UnsafeQualifiedStaticIntegerFieldAccessorImpl
Event: 6.922 loading class jdk/internal/reflect/UnsafeQualifiedStaticIntegerFieldAccessorImpl done
Event: 6.950 loading class java/util/stream/MatchOps$MatchKind
Event: 6.950 loading class java/util/stream/MatchOps$MatchKind done
Event: 6.950 loading class java/util/stream/MatchOps
Event: 6.950 loading class java/util/stream/MatchOps done
Event: 6.950 loading class java/util/stream/MatchOps$MatchOp
Event: 6.950 loading class java/util/stream/MatchOps$MatchOp done
Event: 6.950 loading class java/util/stream/MatchOps$BooleanTerminalSink
Event: 6.950 loading class java/util/stream/MatchOps$BooleanTerminalSink done
Event: 6.951 loading class java/util/stream/MatchOps$1MatchSink
Event: 6.951 loading class java/util/stream/MatchOps$1MatchSink done
Event: 7.015 loading class java/util/stream/ReduceOps$4
Event: 7.015 loading class java/util/stream/ReduceOps$4 done
Event: 7.015 loading class java/util/stream/ReduceOps$4ReducingSink
Event: 7.015 loading class java/util/stream/ReduceOps$4ReducingSink done
Event: 7.271 Thread 0x000001f725140d60 Thread added: 0x000001f725140d60


Dynamic libraries:
0x00007ff6030d0000 - 0x00007ff6030de000 	c:\Users\cesar\.vscode\extensions\redhat.java-1.20.0-win32-x64\jre\17.0.7-win32-x86_64\bin\java.exe
0x00007ffeb4630000 - 0x00007ffeb4828000 	C:\Windows\SYSTEM32\ntdll.dll
0x00007ffeb3800000 - 0x00007ffeb38bf000 	C:\Windows\System32\KERNEL32.DLL
0x00007ffeb1d10000 - 0x00007ffeb2006000 	C:\Windows\System32\KERNELBASE.dll
0x00007ffeaf020000 - 0x00007ffeaf0b1000 	C:\Windows\SYSTEM32\apphelp.dll
0x00007ffeb2420000 - 0x00007ffeb2520000 	C:\Windows\System32\ucrtbase.dll
0x00007ffe99900000 - 0x00007ffe99919000 	c:\Users\cesar\.vscode\extensions\redhat.java-1.20.0-win32-x64\jre\17.0.7-win32-x86_64\bin\VCRUNTIME140.dll
0x00007ffe9a070000 - 0x00007ffe9a087000 	c:\Users\cesar\.vscode\extensions\redhat.java-1.20.0-win32-x64\jre\17.0.7-win32-x86_64\bin\jli.dll
0x00007ffeb38c0000 - 0x00007ffeb3a5d000 	C:\Windows\System32\USER32.dll
0x00007ffeb2010000 - 0x00007ffeb2032000 	C:\Windows\System32\win32u.dll
0x00007ffea92b0000 - 0x00007ffea954a000 	C:\Windows\WinSxS\amd64_microsoft.windows.common-controls_6595b64144ccf1df_6.0.19041.1110_none_60b5254171f9507e\COMCTL32.dll
0x00007ffeb3c90000 - 0x00007ffeb3cbc000 	C:\Windows\System32\GDI32.dll
0x00007ffeb20d0000 - 0x00007ffeb21e5000 	C:\Windows\System32\gdi32full.dll
0x00007ffeb2380000 - 0x00007ffeb241d000 	C:\Windows\System32\msvcp_win.dll
0x00007ffeb3a60000 - 0x00007ffeb3afe000 	C:\Windows\System32\msvcrt.dll
0x00007ffeb3bb0000 - 0x00007ffeb3be0000 	C:\Windows\System32\IMM32.DLL
0x00007ffea24e0000 - 0x00007ffea24ec000 	c:\Users\cesar\.vscode\extensions\redhat.java-1.20.0-win32-x64\jre\17.0.7-win32-x86_64\bin\vcruntime140_1.dll
0x00007ffe81150000 - 0x00007ffe811e1000 	c:\Users\cesar\.vscode\extensions\redhat.java-1.20.0-win32-x64\jre\17.0.7-win32-x86_64\bin\msvcp140.dll
0x00007ffe48070000 - 0x00007ffe48cb8000 	c:\Users\cesar\.vscode\extensions\redhat.java-1.20.0-win32-x64\jre\17.0.7-win32-x86_64\bin\server\jvm.dll
0x00007ffeb3be0000 - 0x00007ffeb3c8f000 	C:\Windows\System32\ADVAPI32.dll
0x00007ffeb2920000 - 0x00007ffeb29bc000 	C:\Windows\System32\sechost.dll
0x00007ffeb2ef0000 - 0x00007ffeb3016000 	C:\Windows\System32\RPCRT4.dll
0x00007ffea9060000 - 0x00007ffea9087000 	C:\Windows\SYSTEM32\WINMM.dll
0x00007ffea3a20000 - 0x00007ffea3a29000 	C:\Windows\SYSTEM32\WSOCK32.dll
0x00007ffeac770000 - 0x00007ffeac77a000 	C:\Windows\SYSTEM32\VERSION.dll
0x00007ffeb3790000 - 0x00007ffeb37fb000 	C:\Windows\System32\WS2_32.dll
0x00007ffeafb00000 - 0x00007ffeafb12000 	C:\Windows\SYSTEM32\kernel.appcore.dll
0x00007ffea2110000 - 0x00007ffea211a000 	c:\Users\cesar\.vscode\extensions\redhat.java-1.20.0-win32-x64\jre\17.0.7-win32-x86_64\bin\jimage.dll
0x00007ffeabed0000 - 0x00007ffeac0b4000 	C:\Windows\SYSTEM32\DBGHELP.DLL
0x00007ffeabab0000 - 0x00007ffeabae4000 	C:\Windows\SYSTEM32\dbgcore.DLL
0x00007ffeb2040000 - 0x00007ffeb20c2000 	C:\Windows\System32\bcryptPrimitives.dll
0x00007ffe9f610000 - 0x00007ffe9f61e000 	c:\Users\cesar\.vscode\extensions\redhat.java-1.20.0-win32-x64\jre\17.0.7-win32-x86_64\bin\instrument.dll
0x00007ffe917c0000 - 0x00007ffe917e5000 	c:\Users\cesar\.vscode\extensions\redhat.java-1.20.0-win32-x64\jre\17.0.7-win32-x86_64\bin\java.dll
0x00007ffe99870000 - 0x00007ffe99888000 	c:\Users\cesar\.vscode\extensions\redhat.java-1.20.0-win32-x64\jre\17.0.7-win32-x86_64\bin\zip.dll
0x00007ffeb3040000 - 0x00007ffeb3784000 	C:\Windows\System32\SHELL32.dll
0x00007ffeafde0000 - 0x00007ffeb0573000 	C:\Windows\SYSTEM32\windows.storage.dll
0x00007ffeb2ab0000 - 0x00007ffeb2e04000 	C:\Windows\System32\combase.dll
0x00007ffeb16f0000 - 0x00007ffeb171e000 	C:\Windows\SYSTEM32\Wldp.dll
0x00007ffeb3b00000 - 0x00007ffeb3bad000 	C:\Windows\System32\SHCORE.dll
0x00007ffeb2740000 - 0x00007ffeb2795000 	C:\Windows\System32\shlwapi.dll
0x00007ffeb1c50000 - 0x00007ffeb1c6f000 	C:\Windows\SYSTEM32\profapi.dll
0x00007ffe8e6f0000 - 0x00007ffe8e709000 	C:\Users\cesar\.vscode\extensions\redhat.java-1.20.0-win32-x64\jre\17.0.7-win32-x86_64\bin\net.dll
0x00007ffeab9a0000 - 0x00007ffeabaaa000 	C:\Windows\SYSTEM32\WINHTTP.dll
0x00007ffeb13e0000 - 0x00007ffeb144a000 	C:\Windows\system32\mswsock.dll
0x00007ffe8c630000 - 0x00007ffe8c645000 	C:\Users\cesar\.vscode\extensions\redhat.java-1.20.0-win32-x64\jre\17.0.7-win32-x86_64\bin\nio.dll
0x00007ffe9b8a0000 - 0x00007ffe9b8b0000 	c:\Users\cesar\.vscode\extensions\redhat.java-1.20.0-win32-x64\jre\17.0.7-win32-x86_64\bin\verify.dll
0x00007ffe887f0000 - 0x00007ffe8882e000 	C:\Users\cesar\AppData\Roaming\Code\User\globalStorage\redhat.java\1.20.0\config_ss_win\org.eclipse.equinox.launcher\org.eclipse.equinox.launcher.win32.win32.x86_64_1.2.700.v20221108-1024\eclipse_11801.dll
0x00007ffeb44c0000 - 0x00007ffeb45ea000 	C:\Windows\System32\ole32.dll
0x00007ffeb15d0000 - 0x00007ffeb15e8000 	C:\Windows\SYSTEM32\CRYPTSP.dll
0x00007ffeb0d00000 - 0x00007ffeb0d34000 	C:\Windows\system32\rsaenh.dll
0x00007ffeb21f0000 - 0x00007ffeb2217000 	C:\Windows\System32\bcrypt.dll
0x00007ffeb1bd0000 - 0x00007ffeb1bfe000 	C:\Windows\SYSTEM32\USERENV.dll
0x00007ffeb15f0000 - 0x00007ffeb15fc000 	C:\Windows\SYSTEM32\CRYPTBASE.dll
0x00007ffeb10d0000 - 0x00007ffeb110c000 	C:\Windows\SYSTEM32\IPHLPAPI.DLL
0x00007ffeb44b0000 - 0x00007ffeb44b8000 	C:\Windows\System32\NSI.dll
0x00007ffeabe90000 - 0x00007ffeabea7000 	C:\Windows\SYSTEM32\dhcpcsvc6.DLL
0x00007ffeac750000 - 0x00007ffeac76d000 	C:\Windows\SYSTEM32\dhcpcsvc.DLL
0x00007ffeb1110000 - 0x00007ffeb11da000 	C:\Windows\SYSTEM32\DNSAPI.dll
0x00007ffe83d60000 - 0x00007ffe83da5000 	C:\Users\cesar\AppData\Local\Temp\jna-94551106\jna8964063880971000582.dll
0x00007ffeb2aa0000 - 0x00007ffeb2aa8000 	C:\Windows\System32\PSAPI.DLL

dbghelp: loaded successfully - version: 4.0.5 - missing functions: none
symbol engine: initialized successfully - sym options: 0x614 - pdb path: .;c:\Users\cesar\.vscode\extensions\redhat.java-1.20.0-win32-x64\jre\17.0.7-win32-x86_64\bin;C:\Windows\SYSTEM32;C:\Windows\WinSxS\amd64_microsoft.windows.common-controls_6595b64144ccf1df_6.0.19041.1110_none_60b5254171f9507e;c:\Users\cesar\.vscode\extensions\redhat.java-1.20.0-win32-x64\jre\17.0.7-win32-x86_64\bin\server;C:\Users\cesar\AppData\Roaming\Code\User\globalStorage\redhat.java\1.20.0\config_ss_win\org.eclipse.equinox.launcher\org.eclipse.equinox.launcher.win32.win32.x86_64_1.2.700.v20221108-1024;C:\Users\cesar\AppData\Local\Temp\jna-94551106

VM Arguments:
jvm_args: --add-modules=ALL-SYSTEM --add-opens=java.base/java.util=ALL-UNNAMED --add-opens=java.base/java.lang=ALL-UNNAMED --add-opens=java.base/sun.nio.fs=ALL-UNNAMED -Declipse.application=org.eclipse.jdt.ls.core.id1 -Dosgi.bundles.defaultStartLevel=4 -Declipse.product=org.eclipse.jdt.ls.core.product -Djava.import.generatesMetadataFilesAtProjectRoot=false -Dfile.encoding=utf8 -XX:+UseParallelGC -XX:GCTimeRatio=4 -XX:AdaptiveSizePolicyWeight=90 -Dsun.zip.disableMemoryMapping=true -Xmx1G -Xms100m -Xlog:disable -javaagent:c:\Users\cesar\.vscode\extensions\redhat.java-1.20.0-win32-x64\lombok\lombok-1.18.28.jar 
java_command: c:\Users\cesar\.vscode\extensions\redhat.java-1.20.0-win32-x64\server\plugins\org.eclipse.equinox.launcher_1.6.500.v20230622-2056.jar -configuration c:\Users\cesar\AppData\Roaming\Code\User\globalStorage\redhat.java\1.20.0\config_ss_win -data c:\Users\cesar\AppData\Roaming\Code\User\workspaceStorage\905fa3c76764976a3b320e3453b4ae40\redhat.java\ss_ws
java_class_path (initial): c:\Users\cesar\.vscode\extensions\redhat.java-1.20.0-win32-x64\server\plugins\org.eclipse.equinox.launcher_1.6.500.v20230622-2056.jar
Launcher Type: SUN_STANDARD

[Global flags]
    uintx AdaptiveSizePolicyWeight                 = 90                                        {product} {command line}
     intx CICompilerCount                          = 4                                         {product} {ergonomic}
    uintx GCTimeRatio                              = 4                                         {product} {command line}
   size_t InitialHeapSize                          = 104857600                                 {product} {command line}
   size_t MaxHeapSize                              = 1073741824                                {product} {command line}
   size_t MaxNewSize                               = 357564416                                 {product} {ergonomic}
   size_t MinHeapDeltaBytes                        = 524288                                    {product} {ergonomic}
   size_t MinHeapSize                              = 104857600                                 {product} {command line}
   size_t NewSize                                  = 34603008                                  {product} {ergonomic}
    uintx NonNMethodCodeHeapSize                   = 5839372                                {pd product} {ergonomic}
    uintx NonProfiledCodeHeapSize                  = 122909434                              {pd product} {ergonomic}
   size_t OldSize                                  = 70254592                                  {product} {ergonomic}
    uintx ProfiledCodeHeapSize                     = 122909434                              {pd product} {ergonomic}
    uintx ReservedCodeCacheSize                    = 251658240                              {pd product} {ergonomic}
     bool SegmentedCodeCache                       = true                                      {product} {ergonomic}
   size_t SoftMaxHeapSize                          = 1073741824                             {manageable} {ergonomic}
     bool UseCompressedClassPointers               = true                           {product lp64_product} {ergonomic}
     bool UseCompressedOops                        = true                           {product lp64_product} {ergonomic}
     bool UseLargePagesIndividualAllocation        = false                                  {pd product} {ergonomic}
     bool UseParallelGC                            = true                                      {product} {command line}

Logging:
Log output configuration:
 #0: stdout all=off uptime,level,tags
 #1: stderr all=off uptime,level,tags

Environment Variables:
JAVA_HOME=C:\jdk-15.0.2
PATH=C:\Program Files\Common Files\Oracle\Java\javapath;C:\Program Files\Eclipse Adoptium\jdk-17.0.7.7-hotspot\bin;C:\Windows\system32;C:\Windows;C:\Windows\System32\Wbem;C:\Windows\System32\WindowsPowerShell\v1.0\;C:\Windows\System32\OpenSSH\;C:\gradle-8.1.1\bin;C:\jdk-15.0.2\bin;C:\Program Files\Git\cmd;C:\Users\cesar\AppData\Local\Microsoft\WindowsApps;;C:\Users\cesar\AppData\Local\Programs\Microsoft VS Code\bin;C:\Program Files\JetBrains\IntelliJ IDEA Educational Edition 2022.2.2\bin;
USERNAME=cesar
OS=Windows_NT
PROCESSOR_IDENTIFIER=Intel64 Family 6 Model 60 Stepping 3, GenuineIntel
TMP=C:\Users\cesar\AppData\Local\Temp
TEMP=C:\Users\cesar\AppData\Local\Temp



---------------  S Y S T E M  ---------------

OS:
 Windows 10 , 64 bit Build 19041 (10.0.19041.3031)
OS uptime: 21 days 23:45 hours

CPU: total 8 (initial active 8) (4 cores per cpu, 2 threads per core) family 6 model 60 stepping 3 microcode 0x27, cx8, cmov, fxsr, ht, mmx, sse, sse2, sse3, ssse3, sse4.1, sse4.2, popcnt, lzcnt, tsc, tscinvbit, avx, avx2, aes, erms, clmul, bmi1, bmi2, fma, vzeroupper, clflush

Memory: 4k page, system-wide physical 16272M (2586M free)
TotalPageFile size 32296M (AvailPageFile size 3M)
current process WorkingSet (physical memory assigned to process): 203M, peak: 205M
current process commit charge ("private bytes"): 284M, peak: 286M

vm_info: OpenJDK 64-Bit Server VM (17.0.7+7) for windows-amd64 JRE (17.0.7+7), built on Apr 18 2023 22:10:42 by "temurin" with MS VC++ 16.7 (VS2019)

END.
